2025-04-06 22:30:57,678 - INFO - 🔹 Loading raw data...
2025-04-06 22:30:57,736 - INFO - 🔹 Dropping duplicates & handling missing values...
2025-04-06 22:30:57,750 - INFO - 🔹 Cleaning review text...
2025-04-06 22:30:57,814 - INFO - 🔹 Encoding product category...
2025-04-06 22:30:57,816 - INFO - 🔹 Adding sentiment labels...
2025-04-06 22:30:57,819 - INFO - 🔹 Initial Sentiment Distribution: Counter({'positive': 5894, 'negative': 3260, 'neutral': 845})
2025-04-06 22:30:57,819 - INFO - 🔹 Applying SMOTE for class balancing...
2025-04-06 22:30:57,849 - INFO - 🔹 Merging back text columns for output...
2025-04-06 22:30:57,983 - INFO - ✅ Preprocessing complete. Saved to:
  - /home/runner/work/MLOPS-Sentiment-Analyzer-Project/MLOPS-Sentiment-Analyzer-Project/Data_Pipeline/data/processed/reviews.parquet
  - /home/runner/work/MLOPS-Sentiment-Analyzer-Project/MLOPS-Sentiment-Analyzer-Project/Data_Pipeline/data/processed/reviews.csv
2025-04-06 22:30:57,985 - INFO - 🔹 Balanced Sentiment Distribution: Counter({'positive': 5894, 'neutral': 5894, 'negative': 5894})
2025-04-06 22:44:44,504 - INFO - 🔹 Loading raw data...
2025-04-06 22:44:44,563 - INFO - 🔹 Dropping duplicates & handling missing values...
2025-04-06 22:44:44,578 - INFO - 🔹 Cleaning review text...
2025-04-06 22:44:44,641 - INFO - 🔹 Encoding product category...
2025-04-06 22:44:44,643 - INFO - 🔹 Adding sentiment labels...
2025-04-06 22:44:44,647 - INFO - 🔹 Initial Sentiment Distribution: Counter({'positive': 5894, 'negative': 3260, 'neutral': 845})
2025-04-06 22:44:44,647 - INFO - 🔹 Applying SMOTE for class balancing...
2025-04-06 22:44:44,677 - INFO - 🔹 Merging back text columns for output...
2025-04-06 22:44:44,796 - INFO - ✅ Preprocessing complete. Saved to:
  - /home/runner/work/MLOPS-Sentiment-Analyzer-Project/MLOPS-Sentiment-Analyzer-Project/Data_Pipeline/data/processed/reviews.parquet
  - /home/runner/work/MLOPS-Sentiment-Analyzer-Project/MLOPS-Sentiment-Analyzer-Project/Data_Pipeline/data/processed/reviews.csv
2025-04-06 22:44:44,798 - INFO - 🔹 Balanced Sentiment Distribution: Counter({'positive': 5894, 'neutral': 5894, 'negative': 5894})
2025-04-06 22:54:50,922 - INFO - 🔹 Loading raw data...
2025-04-06 22:54:50,980 - INFO - 🔹 Dropping duplicates & handling missing values...
2025-04-06 22:54:50,993 - INFO - 🔹 Cleaning review text...
2025-04-06 22:54:51,056 - INFO - 🔹 Encoding product category...
2025-04-06 22:54:51,058 - INFO - 🔹 Adding sentiment labels...
2025-04-06 22:54:51,061 - INFO - 🔹 Initial Sentiment Distribution: Counter({'positive': 5894, 'negative': 3260, 'neutral': 845})
2025-04-06 22:54:51,061 - INFO - 🔹 Applying SMOTE for class balancing...
2025-04-06 22:54:51,091 - INFO - 🔹 Merging back text columns for output...
2025-04-06 22:54:51,213 - INFO - ✅ Preprocessing complete. Saved to:
  - /home/runner/work/MLOPS-Sentiment-Analyzer-Project/MLOPS-Sentiment-Analyzer-Project/Data_Pipeline/data/processed/reviews.parquet
  - /home/runner/work/MLOPS-Sentiment-Analyzer-Project/MLOPS-Sentiment-Analyzer-Project/Data_Pipeline/data/processed/reviews.csv
2025-04-06 22:54:51,215 - INFO - 🔹 Balanced Sentiment Distribution: Counter({'positive': 5894, 'neutral': 5894, 'negative': 5894})
2025-04-06 23:25:19,984 - INFO - 🔹 Loading raw data...
2025-04-06 23:25:20,043 - INFO - 🔹 Dropping duplicates & handling missing values...
2025-04-06 23:25:20,057 - INFO - 🔹 Cleaning review text...
2025-04-06 23:25:20,116 - INFO - 🔹 Encoding product category...
2025-04-06 23:25:20,118 - INFO - 🔹 Adding sentiment labels...
2025-04-06 23:25:20,121 - INFO - 🔹 Initial Sentiment Distribution: Counter({'positive': 5894, 'negative': 3260, 'neutral': 845})
2025-04-06 23:25:20,121 - INFO - 🔹 Applying SMOTE for class balancing...
2025-04-06 23:25:20,151 - INFO - 🔹 Merging back text columns for output...
2025-04-06 23:25:20,269 - INFO - ✅ Preprocessing complete. Saved to:
  - /home/runner/work/MLOPS-Sentiment-Analyzer-Project/MLOPS-Sentiment-Analyzer-Project/Data_Pipeline/data/processed/reviews.parquet
  - /home/runner/work/MLOPS-Sentiment-Analyzer-Project/MLOPS-Sentiment-Analyzer-Project/Data_Pipeline/data/processed/reviews.csv
2025-04-06 23:25:20,271 - INFO - 🔹 Balanced Sentiment Distribution: Counter({'positive': 5894, 'neutral': 5894, 'negative': 5894})
2025-04-07 00:05:24,046 - INFO - 🔹 Loading raw data...
2025-04-07 00:05:50,603 - INFO - 🔹 Dropping duplicates & handling missing values...
2025-04-07 00:06:02,807 - INFO - 🔹 Cleaning review text...
2025-04-07 00:06:37,892 - INFO - 🔹 Encoding product category...
2025-04-07 00:06:38,659 - INFO - 🔹 Adding sentiment labels...
2025-04-07 00:06:39,769 - INFO - 🔹 Initial Sentiment Distribution: Counter({'positive': 3087150, 'negative': 641183, 'neutral': 331452})
2025-04-07 00:06:39,769 - INFO - 🔹 Applying SMOTE for class balancing...
2025-04-07 00:06:56,923 - INFO - 🔹 Merging back text columns for output...
2025-04-07 00:07:57,425 - INFO - ✅ Preprocessing complete. Saved to:
  - /home/runner/work/MLOPS-Sentiment-Analyzer-Project/MLOPS-Sentiment-Analyzer-Project/Data_Pipeline/data/processed/reviews.parquet
  - /home/runner/work/MLOPS-Sentiment-Analyzer-Project/MLOPS-Sentiment-Analyzer-Project/Data_Pipeline/data/processed/reviews.csv
2025-04-07 00:07:58,583 - INFO - 🔹 Balanced Sentiment Distribution: Counter({'positive': 3087150, 'neutral': 3087150, 'negative': 3087150})
2025-04-07 00:34:36,394 - INFO - 🔹 Loading raw data...
2025-04-07 00:34:36,454 - INFO - 🔹 Dropping duplicates & handling missing values...
2025-04-07 00:34:36,468 - INFO - 🔹 Cleaning review text...
2025-04-07 00:34:36,532 - INFO - 🔹 Encoding product category...
2025-04-07 00:34:36,534 - INFO - 🔹 Adding sentiment labels...
2025-04-07 00:34:36,538 - INFO - 🔹 Initial Sentiment Distribution: Counter({'positive': 5894, 'negative': 3260, 'neutral': 845})
2025-04-07 00:34:36,538 - INFO - 🔹 Applying SMOTE for class balancing...
2025-04-07 00:34:36,568 - INFO - 🔹 Merging back text columns for output...
2025-04-07 00:34:36,694 - INFO - ✅ Preprocessing complete. Saved to:
  - /home/runner/work/MLOPS-Sentiment-Analyzer-Project/MLOPS-Sentiment-Analyzer-Project/Data_Pipeline/data/processed/reviews.parquet
  - /home/runner/work/MLOPS-Sentiment-Analyzer-Project/MLOPS-Sentiment-Analyzer-Project/Data_Pipeline/data/processed/reviews.csv
2025-04-07 00:34:36,697 - INFO - 🔹 Balanced Sentiment Distribution: Counter({'positive': 5894, 'neutral': 5894, 'negative': 5894})
2025-04-07 01:03:24,652 - INFO - 🔹 Loading raw data...
2025-04-07 01:03:24,712 - INFO - 🔹 Dropping duplicates & handling missing values...
2025-04-07 01:03:24,728 - INFO - 🔹 Cleaning review text...
2025-04-07 01:03:24,791 - INFO - 🔹 Encoding product category...
2025-04-07 01:03:24,793 - INFO - 🔹 Adding sentiment labels...
2025-04-07 01:03:24,797 - INFO - 🔹 Initial Sentiment Distribution: Counter({'positive': 5894, 'negative': 3260, 'neutral': 845})
2025-04-07 01:03:24,797 - INFO - 🔹 Applying SMOTE for class balancing...
2025-04-07 01:03:24,827 - INFO - 🔹 Merging back text columns for output...
2025-04-07 01:03:24,971 - INFO - ✅ Preprocessing complete. Saved to:
  - /home/runner/work/MLOPS-Sentiment-Analyzer-Project/MLOPS-Sentiment-Analyzer-Project/Data_Pipeline/data/processed/reviews.parquet
  - /home/runner/work/MLOPS-Sentiment-Analyzer-Project/MLOPS-Sentiment-Analyzer-Project/Data_Pipeline/data/processed/reviews.csv
2025-04-07 01:03:24,973 - INFO - 🔹 Balanced Sentiment Distribution: Counter({'positive': 5894, 'neutral': 5894, 'negative': 5894})
2025-04-07 04:19:47,349 - INFO - 🔹 Loading raw data...
2025-04-07 04:19:47,409 - INFO - 🔹 Dropping duplicates & handling missing values...
2025-04-07 04:19:47,423 - INFO - 🔹 Cleaning review text...
2025-04-07 04:19:47,486 - INFO - 🔹 Encoding product category...
2025-04-07 04:19:47,488 - INFO - 🔹 Adding sentiment labels...
2025-04-07 04:19:47,491 - INFO - 🔹 Initial Sentiment Distribution: Counter({'positive': 5894, 'negative': 3260, 'neutral': 845})
2025-04-07 04:19:47,491 - INFO - 🔹 Applying SMOTE for class balancing...
2025-04-07 04:19:47,522 - INFO - 🔹 Merging back text columns for output...
2025-04-07 04:19:47,643 - INFO - ✅ Preprocessing complete. Saved to:
  - /home/runner/work/MLOPS-Sentiment-Analyzer-Project/MLOPS-Sentiment-Analyzer-Project/Data_Pipeline/data/processed/reviews.parquet
  - /home/runner/work/MLOPS-Sentiment-Analyzer-Project/MLOPS-Sentiment-Analyzer-Project/Data_Pipeline/data/processed/reviews.csv
2025-04-07 04:19:47,645 - INFO - 🔹 Balanced Sentiment Distribution: Counter({'positive': 5894, 'neutral': 5894, 'negative': 5894})
2025-04-08 01:34:32,255 - INFO - 🔹 Loading raw data...
2025-04-08 01:34:32,316 - INFO - 🔹 Dropping duplicates & handling missing values...
2025-04-08 01:34:32,330 - INFO - 🔹 Cleaning review text...
2025-04-08 01:34:32,395 - INFO - 🔹 Encoding product category...
2025-04-08 01:34:32,397 - INFO - 🔹 Adding sentiment labels...
2025-04-08 01:34:32,401 - INFO - 🔹 Initial Sentiment Distribution: Counter({'positive': 5894, 'negative': 3260, 'neutral': 845})
2025-04-08 01:34:32,401 - INFO - 🔹 Applying SMOTE for class balancing...
2025-04-08 01:34:32,431 - INFO - 🔹 Merging back text columns for output...
2025-04-08 01:34:32,552 - INFO - ✅ Preprocessing complete. Saved to:
  - /home/runner/work/MLOPS-Sentiment-Analyzer-Project/MLOPS-Sentiment-Analyzer-Project/Data_Pipeline/data/processed/reviews.parquet
  - /home/runner/work/MLOPS-Sentiment-Analyzer-Project/MLOPS-Sentiment-Analyzer-Project/Data_Pipeline/data/processed/reviews.csv
2025-04-08 01:34:32,554 - INFO - 🔹 Balanced Sentiment Distribution: Counter({'positive': 5894, 'neutral': 5894, 'negative': 5894})
2025-04-11 04:08:34,262 - INFO - 🔹 Loading raw data...
2025-04-11 04:08:34,323 - INFO - 🔹 Dropping duplicates & handling missing values...
2025-04-11 04:08:34,337 - INFO - 🔹 Cleaning review text...
2025-04-11 04:08:34,397 - INFO - 🔹 Encoding product category...
2025-04-11 04:08:34,399 - INFO - 🔹 Adding sentiment labels...
2025-04-11 04:08:34,402 - INFO - 🔹 Initial Sentiment Distribution: Counter({'positive': 5894, 'negative': 3260, 'neutral': 845})
2025-04-11 04:08:34,402 - INFO - 🔹 Applying SMOTE for class balancing...
2025-04-11 04:08:34,432 - INFO - 🔹 Merging back text columns for output...
2025-04-11 04:08:34,558 - INFO - ✅ Preprocessing complete. Saved to:
  - /home/runner/work/MLOPS-Sentiment-Analyzer-Project/MLOPS-Sentiment-Analyzer-Project/Data_Pipeline/data/processed/reviews.parquet
  - /home/runner/work/MLOPS-Sentiment-Analyzer-Project/MLOPS-Sentiment-Analyzer-Project/Data_Pipeline/data/processed/reviews.csv
2025-04-11 04:08:34,561 - INFO - 🔹 Balanced Sentiment Distribution: Counter({'positive': 5894, 'neutral': 5894, 'negative': 5894})
2025-04-11 04:13:26,614 - INFO - 🔹 Loading raw data...
2025-04-11 04:13:26,674 - INFO - 🔹 Dropping duplicates & handling missing values...
2025-04-11 04:13:26,688 - INFO - 🔹 Cleaning review text...
2025-04-11 04:13:26,752 - INFO - 🔹 Encoding product category...
2025-04-11 04:13:26,754 - INFO - 🔹 Adding sentiment labels...
2025-04-11 04:13:26,758 - INFO - 🔹 Initial Sentiment Distribution: Counter({'positive': 5894, 'negative': 3260, 'neutral': 845})
2025-04-11 04:13:26,758 - INFO - 🔹 Applying SMOTE for class balancing...
2025-04-11 04:13:26,788 - INFO - 🔹 Merging back text columns for output...
2025-04-11 04:13:26,983 - INFO - ✅ Preprocessing complete. Saved to:
  - /home/runner/work/MLOPS-Sentiment-Analyzer-Project/MLOPS-Sentiment-Analyzer-Project/Data_Pipeline/data/processed/reviews.parquet
  - /home/runner/work/MLOPS-Sentiment-Analyzer-Project/MLOPS-Sentiment-Analyzer-Project/Data_Pipeline/data/processed/reviews.csv
2025-04-11 04:13:26,986 - INFO - 🔹 Balanced Sentiment Distribution: Counter({'positive': 5894, 'neutral': 5894, 'negative': 5894})
2025-04-11 04:31:14,037 - INFO - 🔹 Loading raw data...
2025-04-11 04:31:14,097 - INFO - 🔹 Dropping duplicates & handling missing values...
2025-04-11 04:31:14,112 - INFO - 🔹 Cleaning review text...
2025-04-11 04:31:14,175 - INFO - 🔹 Encoding product category...
2025-04-11 04:31:14,177 - INFO - 🔹 Adding sentiment labels...
2025-04-11 04:31:14,180 - INFO - 🔹 Initial Sentiment Distribution: Counter({'positive': 5894, 'negative': 3260, 'neutral': 845})
2025-04-11 04:31:14,180 - INFO - 🔹 Applying SMOTE for class balancing...
2025-04-11 04:31:14,211 - INFO - 🔹 Merging back text columns for output...
2025-04-11 04:31:14,330 - INFO - ✅ Preprocessing complete. Saved to:
  - /home/runner/work/MLOPS-Sentiment-Analyzer-Project/MLOPS-Sentiment-Analyzer-Project/Data_Pipeline/data/processed/reviews.parquet
  - /home/runner/work/MLOPS-Sentiment-Analyzer-Project/MLOPS-Sentiment-Analyzer-Project/Data_Pipeline/data/processed/reviews.csv
2025-04-11 04:31:14,332 - INFO - 🔹 Balanced Sentiment Distribution: Counter({'positive': 5894, 'neutral': 5894, 'negative': 5894})
2025-04-11 04:40:25,505 - INFO - 🔹 Loading raw data...
2025-04-11 04:40:25,564 - INFO - 🔹 Dropping duplicates & handling missing values...
2025-04-11 04:40:25,579 - INFO - 🔹 Cleaning review text...
2025-04-11 04:40:25,643 - INFO - 🔹 Encoding product category...
2025-04-11 04:40:25,645 - INFO - 🔹 Adding sentiment labels...
2025-04-11 04:40:25,648 - INFO - 🔹 Initial Sentiment Distribution: Counter({'positive': 5894, 'negative': 3260, 'neutral': 845})
2025-04-11 04:40:25,648 - INFO - 🔹 Applying SMOTE for class balancing...
2025-04-11 04:40:25,678 - INFO - 🔹 Merging back text columns for output...
2025-04-11 04:40:25,798 - INFO - ✅ Preprocessing complete. Saved to:
  - /home/runner/work/MLOPS-Sentiment-Analyzer-Project/MLOPS-Sentiment-Analyzer-Project/Data_Pipeline/data/processed/reviews.parquet
  - /home/runner/work/MLOPS-Sentiment-Analyzer-Project/MLOPS-Sentiment-Analyzer-Project/Data_Pipeline/data/processed/reviews.csv
2025-04-11 04:40:25,800 - INFO - 🔹 Balanced Sentiment Distribution: Counter({'positive': 5894, 'neutral': 5894, 'negative': 5894})
2025-04-11 05:03:54,349 - INFO - 🔹 Loading raw data...
2025-04-11 05:03:54,408 - INFO - 🔹 Dropping duplicates & handling missing values...
2025-04-11 05:03:54,422 - INFO - 🔹 Cleaning review text...
2025-04-11 05:03:54,486 - INFO - 🔹 Encoding product category...
2025-04-11 05:03:54,488 - INFO - 🔹 Adding sentiment labels...
2025-04-11 05:03:54,491 - INFO - 🔹 Initial Sentiment Distribution: Counter({'positive': 5894, 'negative': 3260, 'neutral': 845})
2025-04-11 05:03:54,491 - INFO - 🔹 Applying SMOTE for class balancing...
2025-04-11 05:03:54,521 - INFO - 🔹 Merging back text columns for output...
2025-04-11 05:03:54,641 - INFO - ✅ Preprocessing complete. Saved to:
  - /home/runner/work/MLOPS-Sentiment-Analyzer-Project/MLOPS-Sentiment-Analyzer-Project/Data_Pipeline/data/processed/reviews.parquet
  - /home/runner/work/MLOPS-Sentiment-Analyzer-Project/MLOPS-Sentiment-Analyzer-Project/Data_Pipeline/data/processed/reviews.csv
2025-04-11 05:03:54,644 - INFO - 🔹 Balanced Sentiment Distribution: Counter({'positive': 5894, 'neutral': 5894, 'negative': 5894})
