2025-04-06 22:30:56,169 - INFO - ⬇️ Downloading from GCP: mlops_dataset123/data/raw/Sampled_Chunk.csv
2025-04-06 22:30:56,522 - INFO - ✅ File downloaded to /home/runner/work/MLOPS-Sentiment-Analyzer-Project/MLOPS-Sentiment-Analyzer-Project/Data_Pipeline/data/raw/reviews.csv
2025-04-06 22:44:42,998 - INFO - ⬇️ Downloading from GCP: mlops_dataset123/data/raw/Sampled_Chunk.csv
2025-04-06 22:44:43,306 - INFO - ✅ File downloaded to /home/runner/work/MLOPS-Sentiment-Analyzer-Project/MLOPS-Sentiment-Analyzer-Project/Data_Pipeline/data/raw/reviews.csv
2025-04-06 22:54:49,353 - INFO - ⬇️ Downloading from GCP: mlops_dataset123/data/raw/Sampled_Chunk.csv
2025-04-06 22:54:49,626 - INFO - ✅ File downloaded to /home/runner/work/MLOPS-Sentiment-Analyzer-Project/MLOPS-Sentiment-Analyzer-Project/Data_Pipeline/data/raw/reviews.csv
2025-04-06 22:54:49,630 - INFO - 📦 DVC-style hash written to /home/runner/work/MLOPS-Sentiment-Analyzer-Project/MLOPS-Sentiment-Analyzer-Project/Data_Pipeline/dvc/hash_raw_reviews_20250406_225449.txt
2025-04-06 23:25:18,494 - INFO - ⬇️ Downloading from GCP: mlops_dataset123/data/raw/Sampled_Chunk.csv
2025-04-06 23:25:18,874 - INFO - ✅ File downloaded to /home/runner/work/MLOPS-Sentiment-Analyzer-Project/MLOPS-Sentiment-Analyzer-Project/Data_Pipeline/data/raw/reviews.csv
2025-04-06 23:25:18,878 - INFO - 📦 DVC-style hash written to /home/runner/work/MLOPS-Sentiment-Analyzer-Project/MLOPS-Sentiment-Analyzer-Project/Data_Pipeline/dvc/hash_raw_reviews_20250406_232518.txt
2025-04-07 00:05:01,627 - INFO - ⬇️ Downloading from GCP: mlops_dataset123/data/raw/Sampled_11_Product_Categories.csv
2025-04-07 00:05:20,994 - INFO - ✅ File downloaded to /home/runner/work/MLOPS-Sentiment-Analyzer-Project/MLOPS-Sentiment-Analyzer-Project/Data_Pipeline/data/raw/reviews.csv
2025-04-07 00:05:22,900 - INFO - 📦 DVC-style hash written to /home/runner/work/MLOPS-Sentiment-Analyzer-Project/MLOPS-Sentiment-Analyzer-Project/Data_Pipeline/dvc/hash_raw_reviews_20250407_000522.txt
2025-04-07 00:34:33,769 - INFO - ⬇️ Downloading from GCP: mlops_dataset123/data/raw/Sampled_Chunk.csv
2025-04-07 00:34:34,092 - INFO - ✅ File downloaded to /home/runner/work/MLOPS-Sentiment-Analyzer-Project/MLOPS-Sentiment-Analyzer-Project/Data_Pipeline/data/raw/reviews.csv
2025-04-07 00:34:34,097 - INFO - 📦 DVC-style hash written to /home/runner/work/MLOPS-Sentiment-Analyzer-Project/MLOPS-Sentiment-Analyzer-Project/Data_Pipeline/dvc/hash_raw_reviews_20250407_003434.txt
2025-04-07 01:03:22,666 - INFO - ⬇️ Downloading from GCP: mlops_dataset123/data/raw/Sampled_Chunk.csv
2025-04-07 01:03:23,156 - INFO - ✅ File downloaded to /home/runner/work/MLOPS-Sentiment-Analyzer-Project/MLOPS-Sentiment-Analyzer-Project/Data_Pipeline/data/raw/reviews.csv
2025-04-07 01:03:23,160 - INFO - 📦 DVC-style hash written to /home/runner/work/MLOPS-Sentiment-Analyzer-Project/MLOPS-Sentiment-Analyzer-Project/Data_Pipeline/dvc/hash_raw_reviews_20250407_010323.txt
2025-04-07 04:19:45,503 - INFO - ⬇️ Downloading from GCP: mlops_dataset123/data/raw/Sampled_Chunk.csv
2025-04-07 04:19:45,983 - INFO - ✅ File downloaded to /home/runner/work/MLOPS-Sentiment-Analyzer-Project/MLOPS-Sentiment-Analyzer-Project/Data_Pipeline/data/raw/reviews.csv
2025-04-07 04:19:45,988 - INFO - 📦 DVC-style hash written to /home/runner/work/MLOPS-Sentiment-Analyzer-Project/MLOPS-Sentiment-Analyzer-Project/Data_Pipeline/dvc/hash_raw_reviews_20250407_041945.txt
2025-04-08 01:34:30,661 - INFO - ⬇️ Downloading from GCP: mlops_dataset123/data/raw/Sampled_Chunk.csv
2025-04-08 01:34:31,036 - INFO - ✅ File downloaded to /home/runner/work/MLOPS-Sentiment-Analyzer-Project/MLOPS-Sentiment-Analyzer-Project/Data_Pipeline/data/raw/reviews.csv
2025-04-08 01:34:31,040 - INFO - 📦 DVC-style hash written to /home/runner/work/MLOPS-Sentiment-Analyzer-Project/MLOPS-Sentiment-Analyzer-Project/Data_Pipeline/dvc/hash_raw_reviews_20250408_013431.txt
2025-04-11 04:08:32,449 - INFO - ⬇️ Downloading from GCP: mlops_dataset123/data/raw/Sampled_Chunk.csv
2025-04-11 04:08:33,067 - INFO - ✅ File downloaded to /home/runner/work/MLOPS-Sentiment-Analyzer-Project/MLOPS-Sentiment-Analyzer-Project/Data_Pipeline/data/raw/reviews.csv
2025-04-11 04:08:33,071 - INFO - 📦 DVC-style hash written to /home/runner/work/MLOPS-Sentiment-Analyzer-Project/MLOPS-Sentiment-Analyzer-Project/Data_Pipeline/dvc/hash_raw_reviews_20250411_040833.txt
2025-04-11 04:13:24,204 - INFO - ⬇️ Downloading from GCP: mlops_dataset123/data/raw/Sampled_Chunk.csv
2025-04-11 04:13:24,447 - INFO - ✅ File downloaded to /home/runner/work/MLOPS-Sentiment-Analyzer-Project/MLOPS-Sentiment-Analyzer-Project/Data_Pipeline/data/raw/reviews.csv
2025-04-11 04:13:24,451 - INFO - 📦 DVC-style hash written to /home/runner/work/MLOPS-Sentiment-Analyzer-Project/MLOPS-Sentiment-Analyzer-Project/Data_Pipeline/dvc/hash_raw_reviews_20250411_041324.txt
2025-04-11 04:31:12,431 - INFO - ⬇️ Downloading from GCP: mlops_dataset123/data/raw/Sampled_Chunk.csv
2025-04-11 04:31:12,899 - INFO - ✅ File downloaded to /home/runner/work/MLOPS-Sentiment-Analyzer-Project/MLOPS-Sentiment-Analyzer-Project/Data_Pipeline/data/raw/reviews.csv
2025-04-11 04:31:12,904 - INFO - 📦 DVC-style hash written to /home/runner/work/MLOPS-Sentiment-Analyzer-Project/MLOPS-Sentiment-Analyzer-Project/Data_Pipeline/dvc/hash_raw_reviews_20250411_043112.txt
2025-04-11 04:40:23,940 - INFO - ⬇️ Downloading from GCP: mlops_dataset123/data/raw/Sampled_Chunk.csv
2025-04-11 04:40:24,230 - INFO - ✅ File downloaded to /home/runner/work/MLOPS-Sentiment-Analyzer-Project/MLOPS-Sentiment-Analyzer-Project/Data_Pipeline/data/raw/reviews.csv
2025-04-11 04:40:24,234 - INFO - 📦 DVC-style hash written to /home/runner/work/MLOPS-Sentiment-Analyzer-Project/MLOPS-Sentiment-Analyzer-Project/Data_Pipeline/dvc/hash_raw_reviews_20250411_044024.txt
2025-04-11 05:03:52,814 - INFO - ⬇️ Downloading from GCP: mlops_dataset123/data/raw/Sampled_Chunk.csv
2025-04-11 05:03:53,193 - INFO - ✅ File downloaded to /home/runner/work/MLOPS-Sentiment-Analyzer-Project/MLOPS-Sentiment-Analyzer-Project/Data_Pipeline/data/raw/reviews.csv
2025-04-11 05:03:53,197 - INFO - 📦 DVC-style hash written to /home/runner/work/MLOPS-Sentiment-Analyzer-Project/MLOPS-Sentiment-Analyzer-Project/Data_Pipeline/dvc/hash_raw_reviews_20250411_050353.txt
2025-04-11 05:08:49,489 - INFO - ⬇️ Downloading from GCP: mlops_dataset123/data/raw/Sampled_Chunk.csv
2025-04-11 05:08:49,782 - INFO - ✅ File downloaded to /home/runner/work/MLOPS-Sentiment-Analyzer-Project/MLOPS-Sentiment-Analyzer-Project/Data_Pipeline/data/raw/reviews.csv
2025-04-11 05:08:49,786 - INFO - 📦 DVC-style hash written to /home/runner/work/MLOPS-Sentiment-Analyzer-Project/MLOPS-Sentiment-Analyzer-Project/Data_Pipeline/dvc/hash_raw_reviews_20250411_050849.txt
2025-04-11 06:33:00,138 - INFO - ⬇️ Downloading from GCP: mlops_dataset123/data/raw/Sampled_Chunk.csv
2025-04-11 06:33:00,547 - INFO - ✅ File downloaded to /home/runner/work/MLOPS-Sentiment-Analyzer-Project/MLOPS-Sentiment-Analyzer-Project/Data_Pipeline/data/raw/reviews.csv
2025-04-11 06:33:00,551 - INFO - 📦 DVC-style hash written to /home/runner/work/MLOPS-Sentiment-Analyzer-Project/MLOPS-Sentiment-Analyzer-Project/Data_Pipeline/dvc/hash_raw_reviews_20250411_063300.txt
2025-04-11 06:49:58,200 - INFO - ⬇️ Downloading from GCP: mlops_dataset123/data/raw/Sampled_Chunk.csv
2025-04-11 06:49:58,595 - INFO - ✅ File downloaded to /home/runner/work/MLOPS-Sentiment-Analyzer-Project/MLOPS-Sentiment-Analyzer-Project/Data_Pipeline/data/raw/reviews.csv
2025-04-11 06:49:58,599 - INFO - 📦 DVC-style hash written to /home/runner/work/MLOPS-Sentiment-Analyzer-Project/MLOPS-Sentiment-Analyzer-Project/Data_Pipeline/dvc/hash_raw_reviews_20250411_064958.txt
2025-04-11 12:58:55,871 - INFO - ⬇️ Downloading from GCP: mlops_dataset123/data/raw/Sampled_Chunk.csv
2025-04-11 12:58:56,252 - INFO - ✅ File downloaded to /home/runner/work/MLOPS-Sentiment-Analyzer-Project/MLOPS-Sentiment-Analyzer-Project/Data_Pipeline/data/raw/reviews.csv
2025-04-11 12:58:56,257 - INFO - 📦 DVC-style hash written to /home/runner/work/MLOPS-Sentiment-Analyzer-Project/MLOPS-Sentiment-Analyzer-Project/Data_Pipeline/dvc/hash_raw_reviews_20250411_125856.txt
2025-04-11 13:03:16,864 - INFO - ⬇️ Downloading from GCP: mlops_dataset123/data/raw/Sampled_Chunk.csv
2025-04-11 13:03:17,248 - INFO - ✅ File downloaded to /home/runner/work/MLOPS-Sentiment-Analyzer-Project/MLOPS-Sentiment-Analyzer-Project/Data_Pipeline/data/raw/reviews.csv
2025-04-11 13:03:17,252 - INFO - 📦 DVC-style hash written to /home/runner/work/MLOPS-Sentiment-Analyzer-Project/MLOPS-Sentiment-Analyzer-Project/Data_Pipeline/dvc/hash_raw_reviews_20250411_130317.txt
2025-04-11 13:07:37,603 - INFO - ⬇️ Downloading from GCP: mlops_dataset123/data/raw/Sampled_Chunk.csv
2025-04-11 13:07:38,080 - INFO - ✅ File downloaded to /home/runner/work/MLOPS-Sentiment-Analyzer-Project/MLOPS-Sentiment-Analyzer-Project/Data_Pipeline/data/raw/reviews.csv
2025-04-11 13:07:38,084 - INFO - 📦 DVC-style hash written to /home/runner/work/MLOPS-Sentiment-Analyzer-Project/MLOPS-Sentiment-Analyzer-Project/Data_Pipeline/dvc/hash_raw_reviews_20250411_130738.txt
2025-04-11 13:26:21,994 - INFO - ⬇️ Downloading from GCP: mlops_dataset123/data/raw/Sampled_Chunk.csv
2025-04-11 13:26:22,349 - INFO - ✅ File downloaded to /home/runner/work/MLOPS-Sentiment-Analyzer-Project/MLOPS-Sentiment-Analyzer-Project/Data_Pipeline/data/raw/reviews.csv
2025-04-11 13:26:22,354 - INFO - 📦 DVC-style hash written to /home/runner/work/MLOPS-Sentiment-Analyzer-Project/MLOPS-Sentiment-Analyzer-Project/Data_Pipeline/dvc/hash_raw_reviews_20250411_132622.txt
2025-04-11 13:30:05,723 - INFO - ⬇️ Downloading from GCP: mlops_dataset123/data/raw/Sampled_Chunk.csv
2025-04-11 13:30:06,138 - INFO - ✅ File downloaded to /home/runner/work/MLOPS-Sentiment-Analyzer-Project/MLOPS-Sentiment-Analyzer-Project/Data_Pipeline/data/raw/reviews.csv
2025-04-11 13:30:06,143 - INFO - 📦 DVC-style hash written to /home/runner/work/MLOPS-Sentiment-Analyzer-Project/MLOPS-Sentiment-Analyzer-Project/Data_Pipeline/dvc/hash_raw_reviews_20250411_133006.txt
2025-04-11 13:33:54,987 - INFO - ⬇️ Downloading from GCP: mlops_dataset123/data/raw/Sampled_Chunk.csv
2025-04-11 13:33:55,257 - INFO - ✅ File downloaded to /home/runner/work/MLOPS-Sentiment-Analyzer-Project/MLOPS-Sentiment-Analyzer-Project/Data_Pipeline/data/raw/reviews.csv
2025-04-11 13:33:55,261 - INFO - 📦 DVC-style hash written to /home/runner/work/MLOPS-Sentiment-Analyzer-Project/MLOPS-Sentiment-Analyzer-Project/Data_Pipeline/dvc/hash_raw_reviews_20250411_133355.txt
2025-04-11 13:37:40,345 - INFO - ⬇️ Downloading from GCP: mlops_dataset123/data/raw/Sampled_Chunk.csv
2025-04-11 13:37:40,643 - INFO - ✅ File downloaded to /home/runner/work/MLOPS-Sentiment-Analyzer-Project/MLOPS-Sentiment-Analyzer-Project/Data_Pipeline/data/raw/reviews.csv
2025-04-11 13:37:40,647 - INFO - 📦 DVC-style hash written to /home/runner/work/MLOPS-Sentiment-Analyzer-Project/MLOPS-Sentiment-Analyzer-Project/Data_Pipeline/dvc/hash_raw_reviews_20250411_133740.txt
2025-04-11 13:41:24,021 - INFO - ⬇️ Downloading from GCP: mlops_dataset123/data/raw/Sampled_Chunk.csv
2025-04-11 13:41:24,311 - INFO - ✅ File downloaded to /home/runner/work/MLOPS-Sentiment-Analyzer-Project/MLOPS-Sentiment-Analyzer-Project/Data_Pipeline/data/raw/reviews.csv
2025-04-11 13:41:24,315 - INFO - 📦 DVC-style hash written to /home/runner/work/MLOPS-Sentiment-Analyzer-Project/MLOPS-Sentiment-Analyzer-Project/Data_Pipeline/dvc/hash_raw_reviews_20250411_134124.txt
2025-04-11 13:45:20,412 - INFO - ⬇️ Downloading from GCP: mlops_dataset123/data/raw/Sampled_Chunk.csv
2025-04-11 13:45:20,846 - INFO - ✅ File downloaded to /home/runner/work/MLOPS-Sentiment-Analyzer-Project/MLOPS-Sentiment-Analyzer-Project/Data_Pipeline/data/raw/reviews.csv
2025-04-11 13:45:20,850 - INFO - 📦 DVC-style hash written to /home/runner/work/MLOPS-Sentiment-Analyzer-Project/MLOPS-Sentiment-Analyzer-Project/Data_Pipeline/dvc/hash_raw_reviews_20250411_134520.txt
2025-04-11 13:49:03,988 - INFO - ⬇️ Downloading from GCP: mlops_dataset123/data/raw/Sampled_Chunk.csv
2025-04-11 13:49:04,334 - INFO - ✅ File downloaded to /home/runner/work/MLOPS-Sentiment-Analyzer-Project/MLOPS-Sentiment-Analyzer-Project/Data_Pipeline/data/raw/reviews.csv
2025-04-11 13:49:04,338 - INFO - 📦 DVC-style hash written to /home/runner/work/MLOPS-Sentiment-Analyzer-Project/MLOPS-Sentiment-Analyzer-Project/Data_Pipeline/dvc/hash_raw_reviews_20250411_134904.txt
2025-04-11 13:52:43,582 - INFO - ⬇️ Downloading from GCP: mlops_dataset123/data/raw/Sampled_Chunk.csv
2025-04-11 13:52:43,866 - INFO - ✅ File downloaded to /home/runner/work/MLOPS-Sentiment-Analyzer-Project/MLOPS-Sentiment-Analyzer-Project/Data_Pipeline/data/raw/reviews.csv
2025-04-11 13:52:43,870 - INFO - 📦 DVC-style hash written to /home/runner/work/MLOPS-Sentiment-Analyzer-Project/MLOPS-Sentiment-Analyzer-Project/Data_Pipeline/dvc/hash_raw_reviews_20250411_135243.txt
2025-04-11 13:56:33,072 - INFO - ⬇️ Downloading from GCP: mlops_dataset123/data/raw/Sampled_Chunk.csv
2025-04-11 13:56:33,299 - INFO - ✅ File downloaded to /home/runner/work/MLOPS-Sentiment-Analyzer-Project/MLOPS-Sentiment-Analyzer-Project/Data_Pipeline/data/raw/reviews.csv
2025-04-11 13:56:33,303 - INFO - 📦 DVC-style hash written to /home/runner/work/MLOPS-Sentiment-Analyzer-Project/MLOPS-Sentiment-Analyzer-Project/Data_Pipeline/dvc/hash_raw_reviews_20250411_135633.txt
2025-04-11 14:00:09,794 - INFO - ⬇️ Downloading from GCP: mlops_dataset123/data/raw/Sampled_Chunk.csv
2025-04-11 14:00:10,097 - INFO - ✅ File downloaded to /home/runner/work/MLOPS-Sentiment-Analyzer-Project/MLOPS-Sentiment-Analyzer-Project/Data_Pipeline/data/raw/reviews.csv
2025-04-11 14:00:10,101 - INFO - 📦 DVC-style hash written to /home/runner/work/MLOPS-Sentiment-Analyzer-Project/MLOPS-Sentiment-Analyzer-Project/Data_Pipeline/dvc/hash_raw_reviews_20250411_140010.txt
2025-04-11 14:03:53,735 - INFO - ⬇️ Downloading from GCP: mlops_dataset123/data/raw/Sampled_Chunk.csv
2025-04-11 14:03:54,338 - INFO - ✅ File downloaded to /home/runner/work/MLOPS-Sentiment-Analyzer-Project/MLOPS-Sentiment-Analyzer-Project/Data_Pipeline/data/raw/reviews.csv
2025-04-11 14:03:54,342 - INFO - 📦 DVC-style hash written to /home/runner/work/MLOPS-Sentiment-Analyzer-Project/MLOPS-Sentiment-Analyzer-Project/Data_Pipeline/dvc/hash_raw_reviews_20250411_140354.txt
2025-04-11 14:07:42,079 - INFO - ⬇️ Downloading from GCP: mlops_dataset123/data/raw/Sampled_Chunk.csv
2025-04-11 14:07:42,442 - INFO - ✅ File downloaded to /home/runner/work/MLOPS-Sentiment-Analyzer-Project/MLOPS-Sentiment-Analyzer-Project/Data_Pipeline/data/raw/reviews.csv
2025-04-11 14:07:42,446 - INFO - 📦 DVC-style hash written to /home/runner/work/MLOPS-Sentiment-Analyzer-Project/MLOPS-Sentiment-Analyzer-Project/Data_Pipeline/dvc/hash_raw_reviews_20250411_140742.txt
2025-04-11 14:11:21,395 - INFO - ⬇️ Downloading from GCP: mlops_dataset123/data/raw/Sampled_Chunk.csv
2025-04-11 14:11:21,639 - INFO - ✅ File downloaded to /home/runner/work/MLOPS-Sentiment-Analyzer-Project/MLOPS-Sentiment-Analyzer-Project/Data_Pipeline/data/raw/reviews.csv
2025-04-11 14:11:21,643 - INFO - 📦 DVC-style hash written to /home/runner/work/MLOPS-Sentiment-Analyzer-Project/MLOPS-Sentiment-Analyzer-Project/Data_Pipeline/dvc/hash_raw_reviews_20250411_141121.txt
2025-04-11 14:15:09,014 - INFO - ⬇️ Downloading from GCP: mlops_dataset123/data/raw/Sampled_Chunk.csv
2025-04-11 14:15:09,293 - INFO - ✅ File downloaded to /home/runner/work/MLOPS-Sentiment-Analyzer-Project/MLOPS-Sentiment-Analyzer-Project/Data_Pipeline/data/raw/reviews.csv
2025-04-11 14:15:09,297 - INFO - 📦 DVC-style hash written to /home/runner/work/MLOPS-Sentiment-Analyzer-Project/MLOPS-Sentiment-Analyzer-Project/Data_Pipeline/dvc/hash_raw_reviews_20250411_141509.txt
2025-04-11 14:19:02,962 - INFO - ⬇️ Downloading from GCP: mlops_dataset123/data/raw/Sampled_Chunk.csv
2025-04-11 14:19:03,261 - INFO - ✅ File downloaded to /home/runner/work/MLOPS-Sentiment-Analyzer-Project/MLOPS-Sentiment-Analyzer-Project/Data_Pipeline/data/raw/reviews.csv
2025-04-11 14:19:03,265 - INFO - 📦 DVC-style hash written to /home/runner/work/MLOPS-Sentiment-Analyzer-Project/MLOPS-Sentiment-Analyzer-Project/Data_Pipeline/dvc/hash_raw_reviews_20250411_141903.txt
2025-04-11 14:22:56,907 - INFO - ⬇️ Downloading from GCP: mlops_dataset123/data/raw/Sampled_Chunk.csv
2025-04-11 14:22:57,235 - INFO - ✅ File downloaded to /home/runner/work/MLOPS-Sentiment-Analyzer-Project/MLOPS-Sentiment-Analyzer-Project/Data_Pipeline/data/raw/reviews.csv
2025-04-11 14:22:57,240 - INFO - 📦 DVC-style hash written to /home/runner/work/MLOPS-Sentiment-Analyzer-Project/MLOPS-Sentiment-Analyzer-Project/Data_Pipeline/dvc/hash_raw_reviews_20250411_142257.txt
2025-04-11 14:26:42,990 - INFO - ⬇️ Downloading from GCP: mlops_dataset123/data/raw/Sampled_Chunk.csv
2025-04-11 14:26:43,382 - INFO - ✅ File downloaded to /home/runner/work/MLOPS-Sentiment-Analyzer-Project/MLOPS-Sentiment-Analyzer-Project/Data_Pipeline/data/raw/reviews.csv
2025-04-11 14:26:43,386 - INFO - 📦 DVC-style hash written to /home/runner/work/MLOPS-Sentiment-Analyzer-Project/MLOPS-Sentiment-Analyzer-Project/Data_Pipeline/dvc/hash_raw_reviews_20250411_142643.txt
2025-04-11 14:30:39,919 - INFO - ⬇️ Downloading from GCP: mlops_dataset123/data/raw/Sampled_Chunk.csv
2025-04-11 14:30:40,267 - INFO - ✅ File downloaded to /home/runner/work/MLOPS-Sentiment-Analyzer-Project/MLOPS-Sentiment-Analyzer-Project/Data_Pipeline/data/raw/reviews.csv
2025-04-11 14:30:40,271 - INFO - 📦 DVC-style hash written to /home/runner/work/MLOPS-Sentiment-Analyzer-Project/MLOPS-Sentiment-Analyzer-Project/Data_Pipeline/dvc/hash_raw_reviews_20250411_143040.txt
2025-04-11 14:34:25,515 - INFO - ⬇️ Downloading from GCP: mlops_dataset123/data/raw/Sampled_Chunk.csv
2025-04-11 14:34:25,790 - INFO - ✅ File downloaded to /home/runner/work/MLOPS-Sentiment-Analyzer-Project/MLOPS-Sentiment-Analyzer-Project/Data_Pipeline/data/raw/reviews.csv
2025-04-11 14:34:25,795 - INFO - 📦 DVC-style hash written to /home/runner/work/MLOPS-Sentiment-Analyzer-Project/MLOPS-Sentiment-Analyzer-Project/Data_Pipeline/dvc/hash_raw_reviews_20250411_143425.txt
2025-04-11 14:38:01,439 - INFO - ⬇️ Downloading from GCP: mlops_dataset123/data/raw/Sampled_Chunk.csv
2025-04-11 14:38:01,678 - INFO - ✅ File downloaded to /home/runner/work/MLOPS-Sentiment-Analyzer-Project/MLOPS-Sentiment-Analyzer-Project/Data_Pipeline/data/raw/reviews.csv
2025-04-11 14:38:01,682 - INFO - 📦 DVC-style hash written to /home/runner/work/MLOPS-Sentiment-Analyzer-Project/MLOPS-Sentiment-Analyzer-Project/Data_Pipeline/dvc/hash_raw_reviews_20250411_143801.txt
2025-04-11 14:41:53,472 - INFO - ⬇️ Downloading from GCP: mlops_dataset123/data/raw/Sampled_Chunk.csv
2025-04-11 14:41:53,854 - INFO - ✅ File downloaded to /home/runner/work/MLOPS-Sentiment-Analyzer-Project/MLOPS-Sentiment-Analyzer-Project/Data_Pipeline/data/raw/reviews.csv
2025-04-11 14:41:53,858 - INFO - 📦 DVC-style hash written to /home/runner/work/MLOPS-Sentiment-Analyzer-Project/MLOPS-Sentiment-Analyzer-Project/Data_Pipeline/dvc/hash_raw_reviews_20250411_144153.txt
2025-04-11 14:45:38,907 - INFO - ⬇️ Downloading from GCP: mlops_dataset123/data/raw/Sampled_Chunk.csv
2025-04-11 14:45:39,297 - INFO - ✅ File downloaded to /home/runner/work/MLOPS-Sentiment-Analyzer-Project/MLOPS-Sentiment-Analyzer-Project/Data_Pipeline/data/raw/reviews.csv
2025-04-11 14:45:39,301 - INFO - 📦 DVC-style hash written to /home/runner/work/MLOPS-Sentiment-Analyzer-Project/MLOPS-Sentiment-Analyzer-Project/Data_Pipeline/dvc/hash_raw_reviews_20250411_144539.txt
2025-04-11 14:49:35,626 - INFO - ⬇️ Downloading from GCP: mlops_dataset123/data/raw/Sampled_Chunk.csv
2025-04-11 14:49:35,936 - INFO - ✅ File downloaded to /home/runner/work/MLOPS-Sentiment-Analyzer-Project/MLOPS-Sentiment-Analyzer-Project/Data_Pipeline/data/raw/reviews.csv
2025-04-11 14:49:35,940 - INFO - 📦 DVC-style hash written to /home/runner/work/MLOPS-Sentiment-Analyzer-Project/MLOPS-Sentiment-Analyzer-Project/Data_Pipeline/dvc/hash_raw_reviews_20250411_144935.txt
2025-04-11 14:53:28,973 - INFO - ⬇️ Downloading from GCP: mlops_dataset123/data/raw/Sampled_Chunk.csv
2025-04-11 14:53:29,319 - INFO - ✅ File downloaded to /home/runner/work/MLOPS-Sentiment-Analyzer-Project/MLOPS-Sentiment-Analyzer-Project/Data_Pipeline/data/raw/reviews.csv
2025-04-11 14:53:29,323 - INFO - 📦 DVC-style hash written to /home/runner/work/MLOPS-Sentiment-Analyzer-Project/MLOPS-Sentiment-Analyzer-Project/Data_Pipeline/dvc/hash_raw_reviews_20250411_145329.txt
2025-04-11 14:57:15,817 - INFO - ⬇️ Downloading from GCP: mlops_dataset123/data/raw/Sampled_Chunk.csv
2025-04-11 14:57:16,210 - INFO - ✅ File downloaded to /home/runner/work/MLOPS-Sentiment-Analyzer-Project/MLOPS-Sentiment-Analyzer-Project/Data_Pipeline/data/raw/reviews.csv
2025-04-11 14:57:16,214 - INFO - 📦 DVC-style hash written to /home/runner/work/MLOPS-Sentiment-Analyzer-Project/MLOPS-Sentiment-Analyzer-Project/Data_Pipeline/dvc/hash_raw_reviews_20250411_145716.txt
2025-04-11 15:00:59,191 - INFO - ⬇️ Downloading from GCP: mlops_dataset123/data/raw/Sampled_Chunk.csv
2025-04-11 15:00:59,483 - INFO - ✅ File downloaded to /home/runner/work/MLOPS-Sentiment-Analyzer-Project/MLOPS-Sentiment-Analyzer-Project/Data_Pipeline/data/raw/reviews.csv
2025-04-11 15:00:59,487 - INFO - 📦 DVC-style hash written to /home/runner/work/MLOPS-Sentiment-Analyzer-Project/MLOPS-Sentiment-Analyzer-Project/Data_Pipeline/dvc/hash_raw_reviews_20250411_150059.txt
2025-04-11 15:04:39,668 - INFO - ⬇️ Downloading from GCP: mlops_dataset123/data/raw/Sampled_Chunk.csv
2025-04-11 15:04:40,075 - INFO - ✅ File downloaded to /home/runner/work/MLOPS-Sentiment-Analyzer-Project/MLOPS-Sentiment-Analyzer-Project/Data_Pipeline/data/raw/reviews.csv
2025-04-11 15:04:40,080 - INFO - 📦 DVC-style hash written to /home/runner/work/MLOPS-Sentiment-Analyzer-Project/MLOPS-Sentiment-Analyzer-Project/Data_Pipeline/dvc/hash_raw_reviews_20250411_150440.txt
2025-04-11 15:08:24,174 - INFO - ⬇️ Downloading from GCP: mlops_dataset123/data/raw/Sampled_Chunk.csv
2025-04-11 15:08:24,462 - INFO - ✅ File downloaded to /home/runner/work/MLOPS-Sentiment-Analyzer-Project/MLOPS-Sentiment-Analyzer-Project/Data_Pipeline/data/raw/reviews.csv
2025-04-11 15:08:24,466 - INFO - 📦 DVC-style hash written to /home/runner/work/MLOPS-Sentiment-Analyzer-Project/MLOPS-Sentiment-Analyzer-Project/Data_Pipeline/dvc/hash_raw_reviews_20250411_150824.txt
2025-04-11 15:12:14,810 - INFO - ⬇️ Downloading from GCP: mlops_dataset123/data/raw/Sampled_Chunk.csv
2025-04-11 15:12:15,137 - INFO - ✅ File downloaded to /home/runner/work/MLOPS-Sentiment-Analyzer-Project/MLOPS-Sentiment-Analyzer-Project/Data_Pipeline/data/raw/reviews.csv
2025-04-11 15:12:15,142 - INFO - 📦 DVC-style hash written to /home/runner/work/MLOPS-Sentiment-Analyzer-Project/MLOPS-Sentiment-Analyzer-Project/Data_Pipeline/dvc/hash_raw_reviews_20250411_151215.txt
2025-04-11 15:16:15,644 - INFO - ⬇️ Downloading from GCP: mlops_dataset123/data/raw/Sampled_Chunk.csv
2025-04-11 15:16:15,962 - INFO - ✅ File downloaded to /home/runner/work/MLOPS-Sentiment-Analyzer-Project/MLOPS-Sentiment-Analyzer-Project/Data_Pipeline/data/raw/reviews.csv
2025-04-11 15:16:15,967 - INFO - 📦 DVC-style hash written to /home/runner/work/MLOPS-Sentiment-Analyzer-Project/MLOPS-Sentiment-Analyzer-Project/Data_Pipeline/dvc/hash_raw_reviews_20250411_151615.txt
2025-04-11 20:59:57,060 - INFO - ⬇️ Downloading from GCP: mlops_dataset123/data/raw/Sampled_Chunk.csv
2025-04-11 20:59:57,529 - INFO - ✅ File downloaded to /home/runner/work/MLOPS-Sentiment-Analyzer-Project/MLOPS-Sentiment-Analyzer-Project/Data_Pipeline/data/raw/reviews.csv
2025-04-11 20:59:57,534 - INFO - 📦 DVC-style hash written to /home/runner/work/MLOPS-Sentiment-Analyzer-Project/MLOPS-Sentiment-Analyzer-Project/Data_Pipeline/dvc/hash_raw_reviews_20250411_205957.txt
2025-04-11 21:03:53,765 - INFO - ⬇️ Downloading from GCP: mlops_dataset123/data/raw/Sampled_Chunk.csv
2025-04-11 21:03:54,133 - INFO - ✅ File downloaded to /home/runner/work/MLOPS-Sentiment-Analyzer-Project/MLOPS-Sentiment-Analyzer-Project/Data_Pipeline/data/raw/reviews.csv
2025-04-11 21:03:54,137 - INFO - 📦 DVC-style hash written to /home/runner/work/MLOPS-Sentiment-Analyzer-Project/MLOPS-Sentiment-Analyzer-Project/Data_Pipeline/dvc/hash_raw_reviews_20250411_210354.txt
2025-04-11 21:07:27,754 - INFO - ⬇️ Downloading from GCP: mlops_dataset123/data/raw/Sampled_Chunk.csv
2025-04-11 21:07:28,236 - INFO - ✅ File downloaded to /home/runner/work/MLOPS-Sentiment-Analyzer-Project/MLOPS-Sentiment-Analyzer-Project/Data_Pipeline/data/raw/reviews.csv
2025-04-11 21:07:28,240 - INFO - 📦 DVC-style hash written to /home/runner/work/MLOPS-Sentiment-Analyzer-Project/MLOPS-Sentiment-Analyzer-Project/Data_Pipeline/dvc/hash_raw_reviews_20250411_210728.txt
2025-04-11 21:11:17,880 - INFO - ⬇️ Downloading from GCP: mlops_dataset123/data/raw/Sampled_Chunk.csv
2025-04-11 21:11:18,209 - INFO - ✅ File downloaded to /home/runner/work/MLOPS-Sentiment-Analyzer-Project/MLOPS-Sentiment-Analyzer-Project/Data_Pipeline/data/raw/reviews.csv
2025-04-11 21:11:18,213 - INFO - 📦 DVC-style hash written to /home/runner/work/MLOPS-Sentiment-Analyzer-Project/MLOPS-Sentiment-Analyzer-Project/Data_Pipeline/dvc/hash_raw_reviews_20250411_211118.txt
2025-04-11 21:15:06,524 - INFO - ⬇️ Downloading from GCP: mlops_dataset123/data/raw/Sampled_Chunk.csv
2025-04-11 21:15:06,929 - INFO - ✅ File downloaded to /home/runner/work/MLOPS-Sentiment-Analyzer-Project/MLOPS-Sentiment-Analyzer-Project/Data_Pipeline/data/raw/reviews.csv
2025-04-11 21:15:06,933 - INFO - 📦 DVC-style hash written to /home/runner/work/MLOPS-Sentiment-Analyzer-Project/MLOPS-Sentiment-Analyzer-Project/Data_Pipeline/dvc/hash_raw_reviews_20250411_211506.txt
2025-04-11 21:18:51,881 - INFO - ⬇️ Downloading from GCP: mlops_dataset123/data/raw/Sampled_Chunk.csv
2025-04-11 21:18:52,186 - INFO - ✅ File downloaded to /home/runner/work/MLOPS-Sentiment-Analyzer-Project/MLOPS-Sentiment-Analyzer-Project/Data_Pipeline/data/raw/reviews.csv
2025-04-11 21:18:52,190 - INFO - 📦 DVC-style hash written to /home/runner/work/MLOPS-Sentiment-Analyzer-Project/MLOPS-Sentiment-Analyzer-Project/Data_Pipeline/dvc/hash_raw_reviews_20250411_211852.txt
2025-04-11 21:22:36,696 - INFO - ⬇️ Downloading from GCP: mlops_dataset123/data/raw/Sampled_Chunk.csv
2025-04-11 21:22:36,977 - INFO - ✅ File downloaded to /home/runner/work/MLOPS-Sentiment-Analyzer-Project/MLOPS-Sentiment-Analyzer-Project/Data_Pipeline/data/raw/reviews.csv
2025-04-11 21:22:36,982 - INFO - 📦 DVC-style hash written to /home/runner/work/MLOPS-Sentiment-Analyzer-Project/MLOPS-Sentiment-Analyzer-Project/Data_Pipeline/dvc/hash_raw_reviews_20250411_212236.txt
2025-04-11 21:26:14,560 - INFO - ⬇️ Downloading from GCP: mlops_dataset123/data/raw/Sampled_Chunk.csv
2025-04-11 21:26:14,918 - INFO - ✅ File downloaded to /home/runner/work/MLOPS-Sentiment-Analyzer-Project/MLOPS-Sentiment-Analyzer-Project/Data_Pipeline/data/raw/reviews.csv
2025-04-11 21:26:14,922 - INFO - 📦 DVC-style hash written to /home/runner/work/MLOPS-Sentiment-Analyzer-Project/MLOPS-Sentiment-Analyzer-Project/Data_Pipeline/dvc/hash_raw_reviews_20250411_212614.txt
2025-04-11 21:30:14,266 - INFO - ⬇️ Downloading from GCP: mlops_dataset123/data/raw/Sampled_Chunk.csv
2025-04-11 21:30:14,592 - INFO - ✅ File downloaded to /home/runner/work/MLOPS-Sentiment-Analyzer-Project/MLOPS-Sentiment-Analyzer-Project/Data_Pipeline/data/raw/reviews.csv
2025-04-11 21:30:14,597 - INFO - 📦 DVC-style hash written to /home/runner/work/MLOPS-Sentiment-Analyzer-Project/MLOPS-Sentiment-Analyzer-Project/Data_Pipeline/dvc/hash_raw_reviews_20250411_213014.txt
2025-04-11 21:34:05,033 - INFO - ⬇️ Downloading from GCP: mlops_dataset123/data/raw/Sampled_Chunk.csv
2025-04-11 21:34:05,360 - INFO - ✅ File downloaded to /home/runner/work/MLOPS-Sentiment-Analyzer-Project/MLOPS-Sentiment-Analyzer-Project/Data_Pipeline/data/raw/reviews.csv
2025-04-11 21:34:05,364 - INFO - 📦 DVC-style hash written to /home/runner/work/MLOPS-Sentiment-Analyzer-Project/MLOPS-Sentiment-Analyzer-Project/Data_Pipeline/dvc/hash_raw_reviews_20250411_213405.txt
2025-04-11 21:37:59,352 - INFO - ⬇️ Downloading from GCP: mlops_dataset123/data/raw/Sampled_Chunk.csv
2025-04-11 21:37:59,738 - INFO - ✅ File downloaded to /home/runner/work/MLOPS-Sentiment-Analyzer-Project/MLOPS-Sentiment-Analyzer-Project/Data_Pipeline/data/raw/reviews.csv
2025-04-11 21:37:59,742 - INFO - 📦 DVC-style hash written to /home/runner/work/MLOPS-Sentiment-Analyzer-Project/MLOPS-Sentiment-Analyzer-Project/Data_Pipeline/dvc/hash_raw_reviews_20250411_213759.txt
2025-04-11 21:41:49,374 - INFO - ⬇️ Downloading from GCP: mlops_dataset123/data/raw/Sampled_Chunk.csv
2025-04-11 21:41:49,679 - INFO - ✅ File downloaded to /home/runner/work/MLOPS-Sentiment-Analyzer-Project/MLOPS-Sentiment-Analyzer-Project/Data_Pipeline/data/raw/reviews.csv
2025-04-11 21:41:49,683 - INFO - 📦 DVC-style hash written to /home/runner/work/MLOPS-Sentiment-Analyzer-Project/MLOPS-Sentiment-Analyzer-Project/Data_Pipeline/dvc/hash_raw_reviews_20250411_214149.txt
2025-04-11 21:45:42,652 - INFO - ⬇️ Downloading from GCP: mlops_dataset123/data/raw/Sampled_Chunk.csv
2025-04-11 21:45:43,000 - INFO - ✅ File downloaded to /home/runner/work/MLOPS-Sentiment-Analyzer-Project/MLOPS-Sentiment-Analyzer-Project/Data_Pipeline/data/raw/reviews.csv
2025-04-11 21:45:43,005 - INFO - 📦 DVC-style hash written to /home/runner/work/MLOPS-Sentiment-Analyzer-Project/MLOPS-Sentiment-Analyzer-Project/Data_Pipeline/dvc/hash_raw_reviews_20250411_214543.txt
2025-04-11 21:49:25,250 - INFO - ⬇️ Downloading from GCP: mlops_dataset123/data/raw/Sampled_Chunk.csv
2025-04-11 21:49:25,559 - INFO - ✅ File downloaded to /home/runner/work/MLOPS-Sentiment-Analyzer-Project/MLOPS-Sentiment-Analyzer-Project/Data_Pipeline/data/raw/reviews.csv
2025-04-11 21:49:25,563 - INFO - 📦 DVC-style hash written to /home/runner/work/MLOPS-Sentiment-Analyzer-Project/MLOPS-Sentiment-Analyzer-Project/Data_Pipeline/dvc/hash_raw_reviews_20250411_214925.txt
2025-04-11 21:53:06,831 - INFO - ⬇️ Downloading from GCP: mlops_dataset123/data/raw/Sampled_Chunk.csv
2025-04-11 21:53:07,051 - INFO - ✅ File downloaded to /home/runner/work/MLOPS-Sentiment-Analyzer-Project/MLOPS-Sentiment-Analyzer-Project/Data_Pipeline/data/raw/reviews.csv
2025-04-11 21:53:07,055 - INFO - 📦 DVC-style hash written to /home/runner/work/MLOPS-Sentiment-Analyzer-Project/MLOPS-Sentiment-Analyzer-Project/Data_Pipeline/dvc/hash_raw_reviews_20250411_215307.txt
2025-04-11 21:56:45,375 - INFO - ⬇️ Downloading from GCP: mlops_dataset123/data/raw/Sampled_Chunk.csv
2025-04-11 21:56:45,654 - INFO - ✅ File downloaded to /home/runner/work/MLOPS-Sentiment-Analyzer-Project/MLOPS-Sentiment-Analyzer-Project/Data_Pipeline/data/raw/reviews.csv
2025-04-11 21:56:45,659 - INFO - 📦 DVC-style hash written to /home/runner/work/MLOPS-Sentiment-Analyzer-Project/MLOPS-Sentiment-Analyzer-Project/Data_Pipeline/dvc/hash_raw_reviews_20250411_215645.txt
2025-04-11 22:00:24,340 - INFO - ⬇️ Downloading from GCP: mlops_dataset123/data/raw/Sampled_Chunk.csv
2025-04-11 22:00:24,631 - INFO - ✅ File downloaded to /home/runner/work/MLOPS-Sentiment-Analyzer-Project/MLOPS-Sentiment-Analyzer-Project/Data_Pipeline/data/raw/reviews.csv
2025-04-11 22:00:24,636 - INFO - 📦 DVC-style hash written to /home/runner/work/MLOPS-Sentiment-Analyzer-Project/MLOPS-Sentiment-Analyzer-Project/Data_Pipeline/dvc/hash_raw_reviews_20250411_220024.txt
2025-04-11 22:04:18,195 - INFO - ⬇️ Downloading from GCP: mlops_dataset123/data/raw/Sampled_Chunk.csv
2025-04-11 22:04:18,507 - INFO - ✅ File downloaded to /home/runner/work/MLOPS-Sentiment-Analyzer-Project/MLOPS-Sentiment-Analyzer-Project/Data_Pipeline/data/raw/reviews.csv
2025-04-11 22:04:18,511 - INFO - 📦 DVC-style hash written to /home/runner/work/MLOPS-Sentiment-Analyzer-Project/MLOPS-Sentiment-Analyzer-Project/Data_Pipeline/dvc/hash_raw_reviews_20250411_220418.txt
2025-04-11 22:08:06,517 - INFO - ⬇️ Downloading from GCP: mlops_dataset123/data/raw/Sampled_Chunk.csv
2025-04-11 22:08:06,860 - INFO - ✅ File downloaded to /home/runner/work/MLOPS-Sentiment-Analyzer-Project/MLOPS-Sentiment-Analyzer-Project/Data_Pipeline/data/raw/reviews.csv
2025-04-11 22:08:06,864 - INFO - 📦 DVC-style hash written to /home/runner/work/MLOPS-Sentiment-Analyzer-Project/MLOPS-Sentiment-Analyzer-Project/Data_Pipeline/dvc/hash_raw_reviews_20250411_220806.txt
2025-04-11 22:11:41,826 - INFO - ⬇️ Downloading from GCP: mlops_dataset123/data/raw/Sampled_Chunk.csv
2025-04-11 22:11:42,095 - INFO - ✅ File downloaded to /home/runner/work/MLOPS-Sentiment-Analyzer-Project/MLOPS-Sentiment-Analyzer-Project/Data_Pipeline/data/raw/reviews.csv
2025-04-11 22:11:42,099 - INFO - 📦 DVC-style hash written to /home/runner/work/MLOPS-Sentiment-Analyzer-Project/MLOPS-Sentiment-Analyzer-Project/Data_Pipeline/dvc/hash_raw_reviews_20250411_221142.txt
2025-04-11 22:15:25,457 - INFO - ⬇️ Downloading from GCP: mlops_dataset123/data/raw/Sampled_Chunk.csv
2025-04-11 22:15:25,740 - INFO - ✅ File downloaded to /home/runner/work/MLOPS-Sentiment-Analyzer-Project/MLOPS-Sentiment-Analyzer-Project/Data_Pipeline/data/raw/reviews.csv
2025-04-11 22:15:25,744 - INFO - 📦 DVC-style hash written to /home/runner/work/MLOPS-Sentiment-Analyzer-Project/MLOPS-Sentiment-Analyzer-Project/Data_Pipeline/dvc/hash_raw_reviews_20250411_221525.txt
2025-04-11 22:19:04,781 - INFO - ⬇️ Downloading from GCP: mlops_dataset123/data/raw/Sampled_Chunk.csv
2025-04-11 22:19:05,070 - INFO - ✅ File downloaded to /home/runner/work/MLOPS-Sentiment-Analyzer-Project/MLOPS-Sentiment-Analyzer-Project/Data_Pipeline/data/raw/reviews.csv
2025-04-11 22:19:05,075 - INFO - 📦 DVC-style hash written to /home/runner/work/MLOPS-Sentiment-Analyzer-Project/MLOPS-Sentiment-Analyzer-Project/Data_Pipeline/dvc/hash_raw_reviews_20250411_221905.txt
2025-04-11 22:22:38,696 - INFO - ⬇️ Downloading from GCP: mlops_dataset123/data/raw/Sampled_Chunk.csv
2025-04-11 22:22:38,958 - INFO - ✅ File downloaded to /home/runner/work/MLOPS-Sentiment-Analyzer-Project/MLOPS-Sentiment-Analyzer-Project/Data_Pipeline/data/raw/reviews.csv
2025-04-11 22:22:38,962 - INFO - 📦 DVC-style hash written to /home/runner/work/MLOPS-Sentiment-Analyzer-Project/MLOPS-Sentiment-Analyzer-Project/Data_Pipeline/dvc/hash_raw_reviews_20250411_222238.txt
2025-04-11 22:26:15,927 - INFO - ⬇️ Downloading from GCP: mlops_dataset123/data/raw/Sampled_Chunk.csv
2025-04-11 22:26:16,180 - INFO - ✅ File downloaded to /home/runner/work/MLOPS-Sentiment-Analyzer-Project/MLOPS-Sentiment-Analyzer-Project/Data_Pipeline/data/raw/reviews.csv
2025-04-11 22:26:16,184 - INFO - 📦 DVC-style hash written to /home/runner/work/MLOPS-Sentiment-Analyzer-Project/MLOPS-Sentiment-Analyzer-Project/Data_Pipeline/dvc/hash_raw_reviews_20250411_222616.txt
2025-04-11 22:30:01,681 - INFO - ⬇️ Downloading from GCP: mlops_dataset123/data/raw/Sampled_Chunk.csv
2025-04-11 22:30:01,966 - INFO - ✅ File downloaded to /home/runner/work/MLOPS-Sentiment-Analyzer-Project/MLOPS-Sentiment-Analyzer-Project/Data_Pipeline/data/raw/reviews.csv
2025-04-11 22:30:01,970 - INFO - 📦 DVC-style hash written to /home/runner/work/MLOPS-Sentiment-Analyzer-Project/MLOPS-Sentiment-Analyzer-Project/Data_Pipeline/dvc/hash_raw_reviews_20250411_223001.txt
2025-04-11 22:33:41,171 - INFO - ⬇️ Downloading from GCP: mlops_dataset123/data/raw/Sampled_Chunk.csv
2025-04-11 22:33:41,598 - INFO - ✅ File downloaded to /home/runner/work/MLOPS-Sentiment-Analyzer-Project/MLOPS-Sentiment-Analyzer-Project/Data_Pipeline/data/raw/reviews.csv
2025-04-11 22:33:41,602 - INFO - 📦 DVC-style hash written to /home/runner/work/MLOPS-Sentiment-Analyzer-Project/MLOPS-Sentiment-Analyzer-Project/Data_Pipeline/dvc/hash_raw_reviews_20250411_223341.txt
2025-04-11 22:37:16,699 - INFO - ⬇️ Downloading from GCP: mlops_dataset123/data/raw/Sampled_Chunk.csv
2025-04-11 22:37:16,966 - INFO - ✅ File downloaded to /home/runner/work/MLOPS-Sentiment-Analyzer-Project/MLOPS-Sentiment-Analyzer-Project/Data_Pipeline/data/raw/reviews.csv
2025-04-11 22:37:16,971 - INFO - 📦 DVC-style hash written to /home/runner/work/MLOPS-Sentiment-Analyzer-Project/MLOPS-Sentiment-Analyzer-Project/Data_Pipeline/dvc/hash_raw_reviews_20250411_223716.txt
2025-04-11 22:40:54,106 - INFO - ⬇️ Downloading from GCP: mlops_dataset123/data/raw/Sampled_Chunk.csv
2025-04-11 22:40:54,325 - INFO - ✅ File downloaded to /home/runner/work/MLOPS-Sentiment-Analyzer-Project/MLOPS-Sentiment-Analyzer-Project/Data_Pipeline/data/raw/reviews.csv
2025-04-11 22:40:54,329 - INFO - 📦 DVC-style hash written to /home/runner/work/MLOPS-Sentiment-Analyzer-Project/MLOPS-Sentiment-Analyzer-Project/Data_Pipeline/dvc/hash_raw_reviews_20250411_224054.txt
2025-04-11 22:44:31,780 - INFO - ⬇️ Downloading from GCP: mlops_dataset123/data/raw/Sampled_Chunk.csv
2025-04-11 22:44:32,116 - INFO - ✅ File downloaded to /home/runner/work/MLOPS-Sentiment-Analyzer-Project/MLOPS-Sentiment-Analyzer-Project/Data_Pipeline/data/raw/reviews.csv
2025-04-11 22:44:32,120 - INFO - 📦 DVC-style hash written to /home/runner/work/MLOPS-Sentiment-Analyzer-Project/MLOPS-Sentiment-Analyzer-Project/Data_Pipeline/dvc/hash_raw_reviews_20250411_224432.txt
2025-04-11 22:48:11,609 - INFO - ⬇️ Downloading from GCP: mlops_dataset123/data/raw/Sampled_Chunk.csv
2025-04-11 22:48:11,893 - INFO - ✅ File downloaded to /home/runner/work/MLOPS-Sentiment-Analyzer-Project/MLOPS-Sentiment-Analyzer-Project/Data_Pipeline/data/raw/reviews.csv
2025-04-11 22:48:11,897 - INFO - 📦 DVC-style hash written to /home/runner/work/MLOPS-Sentiment-Analyzer-Project/MLOPS-Sentiment-Analyzer-Project/Data_Pipeline/dvc/hash_raw_reviews_20250411_224811.txt
2025-04-11 22:51:52,678 - INFO - ⬇️ Downloading from GCP: mlops_dataset123/data/raw/Sampled_Chunk.csv
2025-04-11 22:51:52,979 - INFO - ✅ File downloaded to /home/runner/work/MLOPS-Sentiment-Analyzer-Project/MLOPS-Sentiment-Analyzer-Project/Data_Pipeline/data/raw/reviews.csv
2025-04-11 22:51:52,983 - INFO - 📦 DVC-style hash written to /home/runner/work/MLOPS-Sentiment-Analyzer-Project/MLOPS-Sentiment-Analyzer-Project/Data_Pipeline/dvc/hash_raw_reviews_20250411_225152.txt
2025-04-11 22:55:32,403 - INFO - ⬇️ Downloading from GCP: mlops_dataset123/data/raw/Sampled_Chunk.csv
2025-04-11 22:55:32,708 - INFO - ✅ File downloaded to /home/runner/work/MLOPS-Sentiment-Analyzer-Project/MLOPS-Sentiment-Analyzer-Project/Data_Pipeline/data/raw/reviews.csv
2025-04-11 22:55:32,712 - INFO - 📦 DVC-style hash written to /home/runner/work/MLOPS-Sentiment-Analyzer-Project/MLOPS-Sentiment-Analyzer-Project/Data_Pipeline/dvc/hash_raw_reviews_20250411_225532.txt
2025-04-11 22:59:12,841 - INFO - ⬇️ Downloading from GCP: mlops_dataset123/data/raw/Sampled_Chunk.csv
2025-04-11 22:59:13,121 - INFO - ✅ File downloaded to /home/runner/work/MLOPS-Sentiment-Analyzer-Project/MLOPS-Sentiment-Analyzer-Project/Data_Pipeline/data/raw/reviews.csv
2025-04-11 22:59:13,125 - INFO - 📦 DVC-style hash written to /home/runner/work/MLOPS-Sentiment-Analyzer-Project/MLOPS-Sentiment-Analyzer-Project/Data_Pipeline/dvc/hash_raw_reviews_20250411_225913.txt
2025-04-11 23:03:00,412 - INFO - ⬇️ Downloading from GCP: mlops_dataset123/data/raw/Sampled_Chunk.csv
2025-04-11 23:03:00,826 - INFO - ✅ File downloaded to /home/runner/work/MLOPS-Sentiment-Analyzer-Project/MLOPS-Sentiment-Analyzer-Project/Data_Pipeline/data/raw/reviews.csv
2025-04-11 23:03:00,830 - INFO - 📦 DVC-style hash written to /home/runner/work/MLOPS-Sentiment-Analyzer-Project/MLOPS-Sentiment-Analyzer-Project/Data_Pipeline/dvc/hash_raw_reviews_20250411_230300.txt
2025-04-11 23:06:49,565 - INFO - ⬇️ Downloading from GCP: mlops_dataset123/data/raw/Sampled_Chunk.csv
2025-04-11 23:06:50,066 - INFO - ✅ File downloaded to /home/runner/work/MLOPS-Sentiment-Analyzer-Project/MLOPS-Sentiment-Analyzer-Project/Data_Pipeline/data/raw/reviews.csv
2025-04-11 23:06:50,070 - INFO - 📦 DVC-style hash written to /home/runner/work/MLOPS-Sentiment-Analyzer-Project/MLOPS-Sentiment-Analyzer-Project/Data_Pipeline/dvc/hash_raw_reviews_20250411_230650.txt
2025-04-11 23:10:27,062 - INFO - ⬇️ Downloading from GCP: mlops_dataset123/data/raw/Sampled_Chunk.csv
2025-04-11 23:10:27,303 - INFO - ✅ File downloaded to /home/runner/work/MLOPS-Sentiment-Analyzer-Project/MLOPS-Sentiment-Analyzer-Project/Data_Pipeline/data/raw/reviews.csv
2025-04-11 23:10:27,307 - INFO - 📦 DVC-style hash written to /home/runner/work/MLOPS-Sentiment-Analyzer-Project/MLOPS-Sentiment-Analyzer-Project/Data_Pipeline/dvc/hash_raw_reviews_20250411_231027.txt
2025-04-11 23:14:01,594 - INFO - ⬇️ Downloading from GCP: mlops_dataset123/data/raw/Sampled_Chunk.csv
2025-04-11 23:14:01,883 - INFO - ✅ File downloaded to /home/runner/work/MLOPS-Sentiment-Analyzer-Project/MLOPS-Sentiment-Analyzer-Project/Data_Pipeline/data/raw/reviews.csv
2025-04-11 23:14:01,887 - INFO - 📦 DVC-style hash written to /home/runner/work/MLOPS-Sentiment-Analyzer-Project/MLOPS-Sentiment-Analyzer-Project/Data_Pipeline/dvc/hash_raw_reviews_20250411_231401.txt
2025-04-11 23:17:40,620 - INFO - ⬇️ Downloading from GCP: mlops_dataset123/data/raw/Sampled_Chunk.csv
2025-04-11 23:17:40,904 - INFO - ✅ File downloaded to /home/runner/work/MLOPS-Sentiment-Analyzer-Project/MLOPS-Sentiment-Analyzer-Project/Data_Pipeline/data/raw/reviews.csv
2025-04-11 23:17:40,909 - INFO - 📦 DVC-style hash written to /home/runner/work/MLOPS-Sentiment-Analyzer-Project/MLOPS-Sentiment-Analyzer-Project/Data_Pipeline/dvc/hash_raw_reviews_20250411_231740.txt
2025-04-11 23:21:19,354 - INFO - ⬇️ Downloading from GCP: mlops_dataset123/data/raw/Sampled_Chunk.csv
2025-04-11 23:21:19,684 - INFO - ✅ File downloaded to /home/runner/work/MLOPS-Sentiment-Analyzer-Project/MLOPS-Sentiment-Analyzer-Project/Data_Pipeline/data/raw/reviews.csv
2025-04-11 23:21:19,688 - INFO - 📦 DVC-style hash written to /home/runner/work/MLOPS-Sentiment-Analyzer-Project/MLOPS-Sentiment-Analyzer-Project/Data_Pipeline/dvc/hash_raw_reviews_20250411_232119.txt
2025-04-11 23:25:07,754 - INFO - ⬇️ Downloading from GCP: mlops_dataset123/data/raw/Sampled_Chunk.csv
2025-04-11 23:25:08,045 - INFO - ✅ File downloaded to /home/runner/work/MLOPS-Sentiment-Analyzer-Project/MLOPS-Sentiment-Analyzer-Project/Data_Pipeline/data/raw/reviews.csv
2025-04-11 23:25:08,050 - INFO - 📦 DVC-style hash written to /home/runner/work/MLOPS-Sentiment-Analyzer-Project/MLOPS-Sentiment-Analyzer-Project/Data_Pipeline/dvc/hash_raw_reviews_20250411_232508.txt
2025-04-11 23:28:58,990 - INFO - ⬇️ Downloading from GCP: mlops_dataset123/data/raw/Sampled_Chunk.csv
2025-04-11 23:28:59,301 - INFO - ✅ File downloaded to /home/runner/work/MLOPS-Sentiment-Analyzer-Project/MLOPS-Sentiment-Analyzer-Project/Data_Pipeline/data/raw/reviews.csv
2025-04-11 23:28:59,305 - INFO - 📦 DVC-style hash written to /home/runner/work/MLOPS-Sentiment-Analyzer-Project/MLOPS-Sentiment-Analyzer-Project/Data_Pipeline/dvc/hash_raw_reviews_20250411_232859.txt
2025-04-11 23:32:37,980 - INFO - ⬇️ Downloading from GCP: mlops_dataset123/data/raw/Sampled_Chunk.csv
2025-04-11 23:32:38,359 - INFO - ✅ File downloaded to /home/runner/work/MLOPS-Sentiment-Analyzer-Project/MLOPS-Sentiment-Analyzer-Project/Data_Pipeline/data/raw/reviews.csv
2025-04-11 23:32:38,363 - INFO - 📦 DVC-style hash written to /home/runner/work/MLOPS-Sentiment-Analyzer-Project/MLOPS-Sentiment-Analyzer-Project/Data_Pipeline/dvc/hash_raw_reviews_20250411_233238.txt
2025-04-11 23:36:31,986 - INFO - ⬇️ Downloading from GCP: mlops_dataset123/data/raw/Sampled_Chunk.csv
2025-04-11 23:36:32,334 - INFO - ✅ File downloaded to /home/runner/work/MLOPS-Sentiment-Analyzer-Project/MLOPS-Sentiment-Analyzer-Project/Data_Pipeline/data/raw/reviews.csv
2025-04-11 23:36:32,338 - INFO - 📦 DVC-style hash written to /home/runner/work/MLOPS-Sentiment-Analyzer-Project/MLOPS-Sentiment-Analyzer-Project/Data_Pipeline/dvc/hash_raw_reviews_20250411_233632.txt
2025-04-11 23:40:22,101 - INFO - ⬇️ Downloading from GCP: mlops_dataset123/data/raw/Sampled_Chunk.csv
2025-04-11 23:40:22,433 - INFO - ✅ File downloaded to /home/runner/work/MLOPS-Sentiment-Analyzer-Project/MLOPS-Sentiment-Analyzer-Project/Data_Pipeline/data/raw/reviews.csv
2025-04-11 23:40:22,437 - INFO - 📦 DVC-style hash written to /home/runner/work/MLOPS-Sentiment-Analyzer-Project/MLOPS-Sentiment-Analyzer-Project/Data_Pipeline/dvc/hash_raw_reviews_20250411_234022.txt
2025-04-11 23:44:02,961 - INFO - ⬇️ Downloading from GCP: mlops_dataset123/data/raw/Sampled_Chunk.csv
2025-04-11 23:44:03,247 - INFO - ✅ File downloaded to /home/runner/work/MLOPS-Sentiment-Analyzer-Project/MLOPS-Sentiment-Analyzer-Project/Data_Pipeline/data/raw/reviews.csv
2025-04-11 23:44:03,251 - INFO - 📦 DVC-style hash written to /home/runner/work/MLOPS-Sentiment-Analyzer-Project/MLOPS-Sentiment-Analyzer-Project/Data_Pipeline/dvc/hash_raw_reviews_20250411_234403.txt
2025-04-11 23:47:49,494 - INFO - ⬇️ Downloading from GCP: mlops_dataset123/data/raw/Sampled_Chunk.csv
2025-04-11 23:47:49,880 - INFO - ✅ File downloaded to /home/runner/work/MLOPS-Sentiment-Analyzer-Project/MLOPS-Sentiment-Analyzer-Project/Data_Pipeline/data/raw/reviews.csv
2025-04-11 23:47:49,884 - INFO - 📦 DVC-style hash written to /home/runner/work/MLOPS-Sentiment-Analyzer-Project/MLOPS-Sentiment-Analyzer-Project/Data_Pipeline/dvc/hash_raw_reviews_20250411_234749.txt
2025-04-11 23:51:28,961 - INFO - ⬇️ Downloading from GCP: mlops_dataset123/data/raw/Sampled_Chunk.csv
2025-04-11 23:51:29,183 - INFO - ✅ File downloaded to /home/runner/work/MLOPS-Sentiment-Analyzer-Project/MLOPS-Sentiment-Analyzer-Project/Data_Pipeline/data/raw/reviews.csv
2025-04-11 23:51:29,187 - INFO - 📦 DVC-style hash written to /home/runner/work/MLOPS-Sentiment-Analyzer-Project/MLOPS-Sentiment-Analyzer-Project/Data_Pipeline/dvc/hash_raw_reviews_20250411_235129.txt
2025-04-11 23:55:05,673 - INFO - ⬇️ Downloading from GCP: mlops_dataset123/data/raw/Sampled_Chunk.csv
2025-04-11 23:55:05,951 - INFO - ✅ File downloaded to /home/runner/work/MLOPS-Sentiment-Analyzer-Project/MLOPS-Sentiment-Analyzer-Project/Data_Pipeline/data/raw/reviews.csv
2025-04-11 23:55:05,955 - INFO - 📦 DVC-style hash written to /home/runner/work/MLOPS-Sentiment-Analyzer-Project/MLOPS-Sentiment-Analyzer-Project/Data_Pipeline/dvc/hash_raw_reviews_20250411_235505.txt
2025-04-11 23:58:35,051 - INFO - ⬇️ Downloading from GCP: mlops_dataset123/data/raw/Sampled_Chunk.csv
2025-04-11 23:58:35,341 - INFO - ✅ File downloaded to /home/runner/work/MLOPS-Sentiment-Analyzer-Project/MLOPS-Sentiment-Analyzer-Project/Data_Pipeline/data/raw/reviews.csv
2025-04-11 23:58:35,345 - INFO - 📦 DVC-style hash written to /home/runner/work/MLOPS-Sentiment-Analyzer-Project/MLOPS-Sentiment-Analyzer-Project/Data_Pipeline/dvc/hash_raw_reviews_20250411_235835.txt
2025-04-12 00:02:08,199 - INFO - ⬇️ Downloading from GCP: mlops_dataset123/data/raw/Sampled_Chunk.csv
2025-04-12 00:02:08,470 - INFO - ✅ File downloaded to /home/runner/work/MLOPS-Sentiment-Analyzer-Project/MLOPS-Sentiment-Analyzer-Project/Data_Pipeline/data/raw/reviews.csv
2025-04-12 00:02:08,474 - INFO - 📦 DVC-style hash written to /home/runner/work/MLOPS-Sentiment-Analyzer-Project/MLOPS-Sentiment-Analyzer-Project/Data_Pipeline/dvc/hash_raw_reviews_20250412_000208.txt
2025-04-12 00:05:44,758 - INFO - ⬇️ Downloading from GCP: mlops_dataset123/data/raw/Sampled_Chunk.csv
2025-04-12 00:05:45,028 - INFO - ✅ File downloaded to /home/runner/work/MLOPS-Sentiment-Analyzer-Project/MLOPS-Sentiment-Analyzer-Project/Data_Pipeline/data/raw/reviews.csv
2025-04-12 00:05:45,032 - INFO - 📦 DVC-style hash written to /home/runner/work/MLOPS-Sentiment-Analyzer-Project/MLOPS-Sentiment-Analyzer-Project/Data_Pipeline/dvc/hash_raw_reviews_20250412_000545.txt
2025-04-12 00:09:22,230 - INFO - ⬇️ Downloading from GCP: mlops_dataset123/data/raw/Sampled_Chunk.csv
2025-04-12 00:09:22,646 - INFO - ✅ File downloaded to /home/runner/work/MLOPS-Sentiment-Analyzer-Project/MLOPS-Sentiment-Analyzer-Project/Data_Pipeline/data/raw/reviews.csv
2025-04-12 00:09:22,650 - INFO - 📦 DVC-style hash written to /home/runner/work/MLOPS-Sentiment-Analyzer-Project/MLOPS-Sentiment-Analyzer-Project/Data_Pipeline/dvc/hash_raw_reviews_20250412_000922.txt
2025-04-12 00:12:55,598 - INFO - ⬇️ Downloading from GCP: mlops_dataset123/data/raw/Sampled_Chunk.csv
2025-04-12 00:12:55,887 - INFO - ✅ File downloaded to /home/runner/work/MLOPS-Sentiment-Analyzer-Project/MLOPS-Sentiment-Analyzer-Project/Data_Pipeline/data/raw/reviews.csv
2025-04-12 00:12:55,891 - INFO - 📦 DVC-style hash written to /home/runner/work/MLOPS-Sentiment-Analyzer-Project/MLOPS-Sentiment-Analyzer-Project/Data_Pipeline/dvc/hash_raw_reviews_20250412_001255.txt
2025-04-12 00:16:45,692 - INFO - ⬇️ Downloading from GCP: mlops_dataset123/data/raw/Sampled_Chunk.csv
2025-04-12 00:16:46,066 - INFO - ✅ File downloaded to /home/runner/work/MLOPS-Sentiment-Analyzer-Project/MLOPS-Sentiment-Analyzer-Project/Data_Pipeline/data/raw/reviews.csv
2025-04-12 00:16:46,070 - INFO - 📦 DVC-style hash written to /home/runner/work/MLOPS-Sentiment-Analyzer-Project/MLOPS-Sentiment-Analyzer-Project/Data_Pipeline/dvc/hash_raw_reviews_20250412_001646.txt
2025-04-12 00:20:17,897 - INFO - ⬇️ Downloading from GCP: mlops_dataset123/data/raw/Sampled_Chunk.csv
2025-04-12 00:20:18,173 - INFO - ✅ File downloaded to /home/runner/work/MLOPS-Sentiment-Analyzer-Project/MLOPS-Sentiment-Analyzer-Project/Data_Pipeline/data/raw/reviews.csv
2025-04-12 00:20:18,177 - INFO - 📦 DVC-style hash written to /home/runner/work/MLOPS-Sentiment-Analyzer-Project/MLOPS-Sentiment-Analyzer-Project/Data_Pipeline/dvc/hash_raw_reviews_20250412_002018.txt
2025-04-12 00:23:57,547 - INFO - ⬇️ Downloading from GCP: mlops_dataset123/data/raw/Sampled_Chunk.csv
2025-04-12 00:23:57,846 - INFO - ✅ File downloaded to /home/runner/work/MLOPS-Sentiment-Analyzer-Project/MLOPS-Sentiment-Analyzer-Project/Data_Pipeline/data/raw/reviews.csv
2025-04-12 00:23:57,851 - INFO - 📦 DVC-style hash written to /home/runner/work/MLOPS-Sentiment-Analyzer-Project/MLOPS-Sentiment-Analyzer-Project/Data_Pipeline/dvc/hash_raw_reviews_20250412_002357.txt
2025-04-12 00:27:38,124 - INFO - ⬇️ Downloading from GCP: mlops_dataset123/data/raw/Sampled_Chunk.csv
2025-04-12 00:27:38,508 - INFO - ✅ File downloaded to /home/runner/work/MLOPS-Sentiment-Analyzer-Project/MLOPS-Sentiment-Analyzer-Project/Data_Pipeline/data/raw/reviews.csv
2025-04-12 00:27:38,512 - INFO - 📦 DVC-style hash written to /home/runner/work/MLOPS-Sentiment-Analyzer-Project/MLOPS-Sentiment-Analyzer-Project/Data_Pipeline/dvc/hash_raw_reviews_20250412_002738.txt
2025-04-12 00:31:06,744 - INFO - ⬇️ Downloading from GCP: mlops_dataset123/data/raw/Sampled_Chunk.csv
2025-04-12 00:31:07,107 - INFO - ✅ File downloaded to /home/runner/work/MLOPS-Sentiment-Analyzer-Project/MLOPS-Sentiment-Analyzer-Project/Data_Pipeline/data/raw/reviews.csv
2025-04-12 00:31:07,111 - INFO - 📦 DVC-style hash written to /home/runner/work/MLOPS-Sentiment-Analyzer-Project/MLOPS-Sentiment-Analyzer-Project/Data_Pipeline/dvc/hash_raw_reviews_20250412_003107.txt
2025-04-12 00:35:09,059 - INFO - ⬇️ Downloading from GCP: mlops_dataset123/data/raw/Sampled_Chunk.csv
2025-04-12 00:35:09,412 - INFO - ✅ File downloaded to /home/runner/work/MLOPS-Sentiment-Analyzer-Project/MLOPS-Sentiment-Analyzer-Project/Data_Pipeline/data/raw/reviews.csv
2025-04-12 00:35:09,417 - INFO - 📦 DVC-style hash written to /home/runner/work/MLOPS-Sentiment-Analyzer-Project/MLOPS-Sentiment-Analyzer-Project/Data_Pipeline/dvc/hash_raw_reviews_20250412_003509.txt
2025-04-12 00:38:45,582 - INFO - ⬇️ Downloading from GCP: mlops_dataset123/data/raw/Sampled_Chunk.csv
2025-04-12 00:38:45,882 - INFO - ✅ File downloaded to /home/runner/work/MLOPS-Sentiment-Analyzer-Project/MLOPS-Sentiment-Analyzer-Project/Data_Pipeline/data/raw/reviews.csv
2025-04-12 00:38:45,886 - INFO - 📦 DVC-style hash written to /home/runner/work/MLOPS-Sentiment-Analyzer-Project/MLOPS-Sentiment-Analyzer-Project/Data_Pipeline/dvc/hash_raw_reviews_20250412_003845.txt
2025-04-12 00:42:42,978 - INFO - ⬇️ Downloading from GCP: mlops_dataset123/data/raw/Sampled_Chunk.csv
2025-04-12 00:42:43,277 - INFO - ✅ File downloaded to /home/runner/work/MLOPS-Sentiment-Analyzer-Project/MLOPS-Sentiment-Analyzer-Project/Data_Pipeline/data/raw/reviews.csv
2025-04-12 00:42:43,281 - INFO - 📦 DVC-style hash written to /home/runner/work/MLOPS-Sentiment-Analyzer-Project/MLOPS-Sentiment-Analyzer-Project/Data_Pipeline/dvc/hash_raw_reviews_20250412_004243.txt
2025-04-12 00:46:28,508 - INFO - ⬇️ Downloading from GCP: mlops_dataset123/data/raw/Sampled_Chunk.csv
2025-04-12 00:46:28,779 - INFO - ✅ File downloaded to /home/runner/work/MLOPS-Sentiment-Analyzer-Project/MLOPS-Sentiment-Analyzer-Project/Data_Pipeline/data/raw/reviews.csv
2025-04-12 00:46:28,783 - INFO - 📦 DVC-style hash written to /home/runner/work/MLOPS-Sentiment-Analyzer-Project/MLOPS-Sentiment-Analyzer-Project/Data_Pipeline/dvc/hash_raw_reviews_20250412_004628.txt
2025-04-12 00:50:11,056 - INFO - ⬇️ Downloading from GCP: mlops_dataset123/data/raw/Sampled_Chunk.csv
2025-04-12 00:50:11,362 - INFO - ✅ File downloaded to /home/runner/work/MLOPS-Sentiment-Analyzer-Project/MLOPS-Sentiment-Analyzer-Project/Data_Pipeline/data/raw/reviews.csv
2025-04-12 00:50:11,366 - INFO - 📦 DVC-style hash written to /home/runner/work/MLOPS-Sentiment-Analyzer-Project/MLOPS-Sentiment-Analyzer-Project/Data_Pipeline/dvc/hash_raw_reviews_20250412_005011.txt
2025-04-12 00:54:12,514 - INFO - ⬇️ Downloading from GCP: mlops_dataset123/data/raw/Sampled_Chunk.csv
2025-04-12 00:54:12,871 - INFO - ✅ File downloaded to /home/runner/work/MLOPS-Sentiment-Analyzer-Project/MLOPS-Sentiment-Analyzer-Project/Data_Pipeline/data/raw/reviews.csv
2025-04-12 00:54:12,875 - INFO - 📦 DVC-style hash written to /home/runner/work/MLOPS-Sentiment-Analyzer-Project/MLOPS-Sentiment-Analyzer-Project/Data_Pipeline/dvc/hash_raw_reviews_20250412_005412.txt
2025-04-12 00:57:48,573 - INFO - ⬇️ Downloading from GCP: mlops_dataset123/data/raw/Sampled_Chunk.csv
2025-04-12 00:57:48,862 - INFO - ✅ File downloaded to /home/runner/work/MLOPS-Sentiment-Analyzer-Project/MLOPS-Sentiment-Analyzer-Project/Data_Pipeline/data/raw/reviews.csv
2025-04-12 00:57:48,866 - INFO - 📦 DVC-style hash written to /home/runner/work/MLOPS-Sentiment-Analyzer-Project/MLOPS-Sentiment-Analyzer-Project/Data_Pipeline/dvc/hash_raw_reviews_20250412_005748.txt
2025-04-12 01:01:34,715 - INFO - ⬇️ Downloading from GCP: mlops_dataset123/data/raw/Sampled_Chunk.csv
2025-04-12 01:01:34,985 - INFO - ✅ File downloaded to /home/runner/work/MLOPS-Sentiment-Analyzer-Project/MLOPS-Sentiment-Analyzer-Project/Data_Pipeline/data/raw/reviews.csv
2025-04-12 01:01:34,990 - INFO - 📦 DVC-style hash written to /home/runner/work/MLOPS-Sentiment-Analyzer-Project/MLOPS-Sentiment-Analyzer-Project/Data_Pipeline/dvc/hash_raw_reviews_20250412_010134.txt
2025-04-12 01:05:20,719 - INFO - ⬇️ Downloading from GCP: mlops_dataset123/data/raw/Sampled_Chunk.csv
2025-04-12 01:05:20,939 - INFO - ✅ File downloaded to /home/runner/work/MLOPS-Sentiment-Analyzer-Project/MLOPS-Sentiment-Analyzer-Project/Data_Pipeline/data/raw/reviews.csv
2025-04-12 01:05:20,943 - INFO - 📦 DVC-style hash written to /home/runner/work/MLOPS-Sentiment-Analyzer-Project/MLOPS-Sentiment-Analyzer-Project/Data_Pipeline/dvc/hash_raw_reviews_20250412_010520.txt
2025-04-12 01:09:16,585 - INFO - ⬇️ Downloading from GCP: mlops_dataset123/data/raw/Sampled_Chunk.csv
2025-04-12 01:09:16,922 - INFO - ✅ File downloaded to /home/runner/work/MLOPS-Sentiment-Analyzer-Project/MLOPS-Sentiment-Analyzer-Project/Data_Pipeline/data/raw/reviews.csv
2025-04-12 01:09:16,927 - INFO - 📦 DVC-style hash written to /home/runner/work/MLOPS-Sentiment-Analyzer-Project/MLOPS-Sentiment-Analyzer-Project/Data_Pipeline/dvc/hash_raw_reviews_20250412_010916.txt
2025-04-12 01:12:57,713 - INFO - ⬇️ Downloading from GCP: mlops_dataset123/data/raw/Sampled_Chunk.csv
2025-04-12 01:12:58,141 - INFO - ✅ File downloaded to /home/runner/work/MLOPS-Sentiment-Analyzer-Project/MLOPS-Sentiment-Analyzer-Project/Data_Pipeline/data/raw/reviews.csv
2025-04-12 01:12:58,145 - INFO - 📦 DVC-style hash written to /home/runner/work/MLOPS-Sentiment-Analyzer-Project/MLOPS-Sentiment-Analyzer-Project/Data_Pipeline/dvc/hash_raw_reviews_20250412_011258.txt
2025-04-12 01:16:31,691 - INFO - ⬇️ Downloading from GCP: mlops_dataset123/data/raw/Sampled_Chunk.csv
2025-04-12 01:16:31,909 - INFO - ✅ File downloaded to /home/runner/work/MLOPS-Sentiment-Analyzer-Project/MLOPS-Sentiment-Analyzer-Project/Data_Pipeline/data/raw/reviews.csv
2025-04-12 01:16:31,913 - INFO - 📦 DVC-style hash written to /home/runner/work/MLOPS-Sentiment-Analyzer-Project/MLOPS-Sentiment-Analyzer-Project/Data_Pipeline/dvc/hash_raw_reviews_20250412_011631.txt
2025-04-12 01:20:43,560 - INFO - ⬇️ Downloading from GCP: mlops_dataset123/data/raw/Sampled_Chunk.csv
2025-04-12 01:20:43,772 - INFO - ✅ File downloaded to /home/runner/work/MLOPS-Sentiment-Analyzer-Project/MLOPS-Sentiment-Analyzer-Project/Data_Pipeline/data/raw/reviews.csv
2025-04-12 01:20:43,776 - INFO - 📦 DVC-style hash written to /home/runner/work/MLOPS-Sentiment-Analyzer-Project/MLOPS-Sentiment-Analyzer-Project/Data_Pipeline/dvc/hash_raw_reviews_20250412_012043.txt
2025-04-12 01:24:23,251 - INFO - ⬇️ Downloading from GCP: mlops_dataset123/data/raw/Sampled_Chunk.csv
2025-04-12 01:24:23,509 - INFO - ✅ File downloaded to /home/runner/work/MLOPS-Sentiment-Analyzer-Project/MLOPS-Sentiment-Analyzer-Project/Data_Pipeline/data/raw/reviews.csv
2025-04-12 01:24:23,513 - INFO - 📦 DVC-style hash written to /home/runner/work/MLOPS-Sentiment-Analyzer-Project/MLOPS-Sentiment-Analyzer-Project/Data_Pipeline/dvc/hash_raw_reviews_20250412_012423.txt
2025-04-12 01:28:22,253 - INFO - ⬇️ Downloading from GCP: mlops_dataset123/data/raw/Sampled_Chunk.csv
2025-04-12 01:28:22,663 - INFO - ✅ File downloaded to /home/runner/work/MLOPS-Sentiment-Analyzer-Project/MLOPS-Sentiment-Analyzer-Project/Data_Pipeline/data/raw/reviews.csv
2025-04-12 01:28:22,667 - INFO - 📦 DVC-style hash written to /home/runner/work/MLOPS-Sentiment-Analyzer-Project/MLOPS-Sentiment-Analyzer-Project/Data_Pipeline/dvc/hash_raw_reviews_20250412_012822.txt
2025-04-12 01:31:54,686 - INFO - ⬇️ Downloading from GCP: mlops_dataset123/data/raw/Sampled_Chunk.csv
2025-04-12 01:31:55,014 - INFO - ✅ File downloaded to /home/runner/work/MLOPS-Sentiment-Analyzer-Project/MLOPS-Sentiment-Analyzer-Project/Data_Pipeline/data/raw/reviews.csv
2025-04-12 01:31:55,018 - INFO - 📦 DVC-style hash written to /home/runner/work/MLOPS-Sentiment-Analyzer-Project/MLOPS-Sentiment-Analyzer-Project/Data_Pipeline/dvc/hash_raw_reviews_20250412_013155.txt
2025-04-12 01:35:55,740 - INFO - ⬇️ Downloading from GCP: mlops_dataset123/data/raw/Sampled_Chunk.csv
2025-04-12 01:35:56,003 - INFO - ✅ File downloaded to /home/runner/work/MLOPS-Sentiment-Analyzer-Project/MLOPS-Sentiment-Analyzer-Project/Data_Pipeline/data/raw/reviews.csv
2025-04-12 01:35:56,007 - INFO - 📦 DVC-style hash written to /home/runner/work/MLOPS-Sentiment-Analyzer-Project/MLOPS-Sentiment-Analyzer-Project/Data_Pipeline/dvc/hash_raw_reviews_20250412_013556.txt
2025-04-12 01:39:44,034 - INFO - ⬇️ Downloading from GCP: mlops_dataset123/data/raw/Sampled_Chunk.csv
2025-04-12 01:39:44,425 - INFO - ✅ File downloaded to /home/runner/work/MLOPS-Sentiment-Analyzer-Project/MLOPS-Sentiment-Analyzer-Project/Data_Pipeline/data/raw/reviews.csv
2025-04-12 01:39:44,429 - INFO - 📦 DVC-style hash written to /home/runner/work/MLOPS-Sentiment-Analyzer-Project/MLOPS-Sentiment-Analyzer-Project/Data_Pipeline/dvc/hash_raw_reviews_20250412_013944.txt
2025-04-12 01:43:24,980 - INFO - ⬇️ Downloading from GCP: mlops_dataset123/data/raw/Sampled_Chunk.csv
2025-04-12 01:43:25,237 - INFO - ✅ File downloaded to /home/runner/work/MLOPS-Sentiment-Analyzer-Project/MLOPS-Sentiment-Analyzer-Project/Data_Pipeline/data/raw/reviews.csv
2025-04-12 01:43:25,242 - INFO - 📦 DVC-style hash written to /home/runner/work/MLOPS-Sentiment-Analyzer-Project/MLOPS-Sentiment-Analyzer-Project/Data_Pipeline/dvc/hash_raw_reviews_20250412_014325.txt
2025-04-12 22:44:36,898 - INFO - ⬇️ Downloading from GCP: mlops_dataset123/data/raw/Sampled_Chunk.csv
2025-04-12 22:44:38,201 - INFO - ✅ File downloaded to /home/runner/work/MLOPS-Sentiment-Analyzer-Project/MLOPS-Sentiment-Analyzer-Project/Data_Pipeline/data/raw/reviews.csv
2025-04-12 22:44:38,249 - INFO - 📦 DVC-style hash written to /home/runner/work/MLOPS-Sentiment-Analyzer-Project/MLOPS-Sentiment-Analyzer-Project/Data_Pipeline/dvc/hash_raw_reviews_20250412_224438.txt
2025-04-12 23:14:09,981 - INFO - ⬇️ Downloading from GCP: mlops_dataset123/data/raw/Sampled_Chunk.csv
2025-04-12 23:14:10,862 - INFO - ✅ File downloaded to /home/runner/work/MLOPS-Sentiment-Analyzer-Project/MLOPS-Sentiment-Analyzer-Project/Data_Pipeline/data/raw/reviews.csv
2025-04-12 23:14:10,910 - INFO - 📦 DVC-style hash written to /home/runner/work/MLOPS-Sentiment-Analyzer-Project/MLOPS-Sentiment-Analyzer-Project/Data_Pipeline/dvc/hash_raw_reviews_20250412_231410.txt
2025-04-13 21:27:39,569 - INFO - ⬇️ Downloading from GCP: mlops_dataset123/data/raw/Sampled_Chunk.csv
2025-04-13 21:27:40,795 - INFO - ✅ File downloaded to /home/runner/work/MLOPS-Sentiment-Analyzer-Project/MLOPS-Sentiment-Analyzer-Project/Data_Pipeline/data/raw/reviews.csv
2025-04-13 21:27:40,844 - INFO - 📦 DVC-style hash written to /home/runner/work/MLOPS-Sentiment-Analyzer-Project/MLOPS-Sentiment-Analyzer-Project/Data_Pipeline/dvc/hash_raw_reviews_20250413_212740.txt
