2025-04-06 22:31:05,553 - INFO - 🔹 Loading schema...
2025-04-06 22:31:05,555 - INFO - 🔹 Reading processed data...
2025-04-06 22:31:05,575 - INFO - 🔹 Generating statistics from processed data...
2025-04-06 22:31:05,693 - INFO - 🔹 Running anomaly detection against schema...
2025-04-06 22:31:05,696 - INFO - ✅ No anomalies found.
2025-04-06 22:44:51,805 - INFO - 🔹 Loading schema...
2025-04-06 22:44:51,807 - INFO - 🔹 Reading processed data...
2025-04-06 22:44:51,827 - INFO - 🔹 Generating statistics from processed data...
2025-04-06 22:44:51,944 - INFO - 🔹 Running anomaly detection against schema...
2025-04-06 22:44:51,946 - INFO - ✅ No anomalies found.
2025-04-06 22:54:58,584 - INFO - 🔹 Loading schema...
2025-04-06 22:54:58,586 - INFO - 🔹 Reading processed data...
2025-04-06 22:54:58,607 - INFO - 🔹 Generating statistics from processed data...
2025-04-06 22:54:58,724 - INFO - 🔹 Running anomaly detection against schema...
2025-04-06 22:54:58,726 - INFO - ✅ No anomalies found.
2025-04-06 23:25:27,382 - INFO - 🔹 Loading schema...
2025-04-06 23:25:27,384 - INFO - 🔹 Reading processed data...
2025-04-06 23:25:27,404 - INFO - 🔹 Generating statistics from processed data...
2025-04-06 23:25:27,522 - INFO - 🔹 Running anomaly detection against schema...
2025-04-06 23:25:27,525 - INFO - ✅ No anomalies found.
